2026-05-31 22:07:14,210 [INFO] main: ======================================================================
2026-05-31 22:07:14,210 [INFO] main: WHEEL STRATEGY BOT — 2026-05-31 20:07 UTC
2026-05-31 22:07:14,210 [INFO] main: Strategies: ['conservative', 'moderate', 'aggressive', 'daily']
2026-05-31 22:07:14,210 [INFO] main: Testnet: True | Settlement: BTC | Dry-run: False
2026-05-31 22:07:14,210 [INFO] main: ======================================================================
2026-05-31 22:07:15,072 [INFO] deribit_client: DeribitClient initialized (testnet=True, settlement=BTC, markets=5071)
2026-05-31 22:07:15,126 [INFO] main: BTC Price: 73564.50 BTC
2026-05-31 22:07:15,126 [INFO] strategy: ============================================================
2026-05-31 22:07:15,126 [INFO] strategy: Running strategy: conservative (Low delta, longer DTE, early exit) | Settlement: BTC
2026-05-31 22:07:15,126 [INFO] strategy: ============================================================
2026-05-31 22:07:15,126 [INFO] state_manager: Initialized new state for 'conservative' (budget=0.1000)
2026-05-31 22:07:15,188 [INFO] strategy: [conservative] BTC=73564 | Cash=0.1000 | Phase=selling_puts | Equity=0.1000
2026-05-31 22:07:15,402 [INFO] strategy: [conservative] Risk check: BTC 73564 < SMA50 77221. Trend filter blocks new puts.
2026-05-31 22:07:15,402 [INFO] strategy: [conservative] END: Equity=0.1000 | Cash=0.1000 | DD=0.0% | Trades=0
2026-05-31 22:07:15,402 [INFO] strategy: ============================================================
2026-05-31 22:07:15,402 [INFO] strategy: Running strategy: moderate (Moderate delta and DTE) | Settlement: BTC
2026-05-31 22:07:15,402 [INFO] strategy: ============================================================
2026-05-31 22:07:15,402 [INFO] state_manager: Initialized new state for 'moderate' (budget=0.1000)
2026-05-31 22:07:15,564 [INFO] strategy: [moderate] BTC=73564 | Cash=0.1000 | Phase=selling_puts | Equity=0.1000
2026-05-31 22:07:15,800 [INFO] strategy: [moderate] Risk check: BTC 73564 < SMA50 77221. Trend filter blocks new puts.
2026-05-31 22:07:15,800 [INFO] strategy: [moderate] END: Equity=0.1000 | Cash=0.1000 | DD=0.0% | Trades=0
2026-05-31 22:07:15,800 [INFO] strategy: ============================================================
2026-05-31 22:07:15,801 [INFO] strategy: Running strategy: aggressive (Higher delta, shorter DTE, hold to expiry) | Settlement: BTC
2026-05-31 22:07:15,801 [INFO] strategy: ============================================================
2026-05-31 22:07:15,801 [INFO] state_manager: Initialized new state for 'aggressive' (budget=0.1000)
2026-05-31 22:07:15,854 [INFO] strategy: [aggressive] BTC=73564 | Cash=0.1000 | Phase=selling_puts | Equity=0.1000
2026-05-31 22:07:16,088 [INFO] strategy: [aggressive] Risk check: BTC 73564 < SMA50 77221. Trend filter blocks new puts.
2026-05-31 22:07:16,088 [INFO] strategy: [aggressive] END: Equity=0.1000 | Cash=0.1000 | DD=0.0% | Trades=0
2026-05-31 22:07:16,088 [INFO] strategy: ============================================================
2026-05-31 22:07:16,088 [INFO] strategy: Running strategy: daily (Collect premium daily, don't be afraid of being assigned) | Settlement: BTC
2026-05-31 22:07:16,088 [INFO] strategy: ============================================================
2026-05-31 22:07:16,088 [INFO] state_manager: Initialized new state for 'daily' (budget=0.1000)
2026-05-31 22:07:16,260 [INFO] strategy: [daily] BTC=73564 | Cash=0.1000 | Phase=selling_puts | Equity=0.1000
2026-05-31 22:07:16,494 [INFO] strategy: [daily] Risk check: BTC 73564 < SMA50 77221. Trend filter blocks new puts.
2026-05-31 22:07:16,494 [INFO] strategy: [daily] END: Equity=0.1000 | Cash=0.1000 | DD=0.0% | Trades=0
2026-05-31 22:07:16,494 [INFO] main: ----------------------------------------------------------------------
2026-05-31 22:07:16,494 [INFO] main: Exporting reports...
2026-05-31 22:07:16,494 [INFO] export: Exported 0 trades to /shared/wheel/output/conservative_trades.csv
2026-05-31 22:07:16,494 [INFO] export: Exported cash flow to /shared/wheel/output/conservative_cashflow.csv
2026-05-31 22:07:16,494 [INFO] export: Exported 0 trades to /shared/wheel/output/moderate_trades.csv
2026-05-31 22:07:16,494 [INFO] export: Exported cash flow to /shared/wheel/output/moderate_cashflow.csv
2026-05-31 22:07:16,494 [INFO] export: Exported 0 trades to /shared/wheel/output/aggressive_trades.csv
2026-05-31 22:07:16,494 [INFO] export: Exported cash flow to /shared/wheel/output/aggressive_cashflow.csv
2026-05-31 22:07:16,495 [INFO] export: Exported 0 trades to /shared/wheel/output/daily_trades.csv
2026-05-31 22:07:16,495 [INFO] export: Exported cash flow to /shared/wheel/output/daily_cashflow.csv
2026-05-31 22:07:16,495 [INFO] export: Exported summary to /shared/wheel/output/summary.csv
2026-05-31 22:07:16,495 [INFO] main: ======================================================================
2026-05-31 22:07:16,495 [INFO] main: COMPLETE. Log saved to /shared/wheel/logs/wheel_20260531_200713.log
2026-05-31 22:07:16,495 [INFO] main: ======================================================================
