2026-03-31 07:35:02,456 [INFO] main: ======================================================================
2026-03-31 07:35:02,457 [INFO] main: WHEEL STRATEGY BOT — 2026-03-31 05:35 UTC
2026-03-31 07:35:02,457 [INFO] main: Strategies: ['conservative', 'moderate', 'aggressive']
2026-03-31 07:35:02,457 [INFO] main: Testnet: True | Dry-run: False
2026-03-31 07:35:02,457 [INFO] main: ======================================================================
2026-03-31 07:35:03,687 [INFO] deribit_client: DeribitClient initialized (testnet=True, markets=5355)
2026-03-31 07:35:03,767 [INFO] main: BTC Price: 67611.00 USDC
2026-03-31 07:35:03,768 [INFO] strategy: ============================================================
2026-03-31 07:35:03,768 [INFO] strategy: Running strategy: conservative (Low delta, longer DTE, early exit)
2026-03-31 07:35:03,768 [INFO] strategy: ============================================================
2026-03-31 07:35:03,771 [INFO] state_manager: Loaded state for 'conservative' (cash=10106.00, phase=selling_puts)
2026-03-31 07:35:03,828 [INFO] strategy: [conservative] BTC=67611 | Cash=10106.00 | Phase=selling_puts | Equity=10106.00
2026-03-31 07:35:03,887 [INFO] strategy: [conservative] END: Equity=10106.00 | Cash=10106.00 | DD=0.0% | Trades=1
2026-03-31 07:35:03,887 [INFO] strategy: ============================================================
2026-03-31 07:35:03,888 [INFO] strategy: Running strategy: moderate (Moderate delta and DTE)
2026-03-31 07:35:03,888 [INFO] strategy: ============================================================
2026-03-31 07:35:03,891 [INFO] state_manager: Loaded state for 'moderate' (cash=9691.00, phase=selling_puts)
2026-03-31 07:35:03,947 [INFO] strategy: [moderate] BTC=67611 | Cash=9691.00 | Phase=selling_puts | Equity=9691.00
2026-03-31 07:35:04,069 [INFO] strategy: [moderate] Risk check: BTC 67611 < SMA50 68762. Trend filter blocks new puts.
2026-03-31 07:35:04,069 [INFO] strategy: [moderate] END: Equity=9691.00 | Cash=9691.00 | DD=3.3% | Trades=2
2026-03-31 07:35:04,069 [INFO] strategy: ============================================================
2026-03-31 07:35:04,069 [INFO] strategy: Running strategy: aggressive (Higher delta, shorter DTE, hold to expiry)
2026-03-31 07:35:04,070 [INFO] strategy: ============================================================
2026-03-31 07:35:04,073 [INFO] state_manager: Loaded state for 'aggressive' (cash=10136.00, phase=selling_puts)
2026-03-31 07:35:04,133 [INFO] strategy: [aggressive] BTC=67611 | Cash=10136.00 | Phase=selling_puts | Equity=10136.00
2026-03-31 07:35:04,134 [INFO] strategy: [aggressive] END: Equity=10136.00 | Cash=10136.00 | DD=0.0% | Trades=1
2026-03-31 07:35:04,134 [INFO] main: ----------------------------------------------------------------------
2026-03-31 07:35:04,134 [INFO] main: Exporting reports...
2026-03-31 07:35:04,135 [INFO] export: Exported 1 trades to /home/piotrek/Dokumenty/wheel/output/conservative_trades.csv
2026-03-31 07:35:04,135 [INFO] export: Exported cash flow to /home/piotrek/Dokumenty/wheel/output/conservative_cashflow.csv
2026-03-31 07:35:04,136 [INFO] export: Exported 2 trades to /home/piotrek/Dokumenty/wheel/output/moderate_trades.csv
2026-03-31 07:35:04,136 [INFO] export: Exported cash flow to /home/piotrek/Dokumenty/wheel/output/moderate_cashflow.csv
2026-03-31 07:35:04,137 [INFO] export: Exported 1 trades to /home/piotrek/Dokumenty/wheel/output/aggressive_trades.csv
2026-03-31 07:35:04,138 [INFO] export: Exported cash flow to /home/piotrek/Dokumenty/wheel/output/aggressive_cashflow.csv
2026-03-31 07:35:04,139 [INFO] export: Exported summary to /home/piotrek/Dokumenty/wheel/output/summary.csv
2026-03-31 07:35:04,139 [INFO] main: ======================================================================
2026-03-31 07:35:04,139 [INFO] main: COMPLETE. Log saved to /home/piotrek/Dokumenty/wheel/logs/wheel_20260331_053501.log
2026-03-31 07:35:04,139 [INFO] main: ======================================================================
