2026-04-19 07:35:02,731 [INFO] main: ======================================================================
2026-04-19 07:35:02,731 [INFO] main: WHEEL STRATEGY BOT — 2026-04-19 05:35 UTC
2026-04-19 07:35:02,732 [INFO] main: Strategies: ['conservative', 'moderate', 'aggressive']
2026-04-19 07:35:02,732 [INFO] main: Testnet: True | Dry-run: False
2026-04-19 07:35:02,732 [INFO] main: ======================================================================
2026-04-19 07:35:04,063 [INFO] deribit_client: DeribitClient initialized (testnet=True, markets=5284)
2026-04-19 07:35:04,124 [INFO] main: BTC Price: 75691.00 USDC
2026-04-19 07:35:04,125 [INFO] strategy: ============================================================
2026-04-19 07:35:04,125 [INFO] strategy: Running strategy: conservative (Low delta, longer DTE, early exit)
2026-04-19 07:35:04,125 [INFO] strategy: ============================================================
2026-04-19 07:35:04,128 [INFO] state_manager: Loaded state for 'conservative' (cash=10239.50, phase=selling_puts)
2026-04-19 07:35:04,176 [INFO] strategy: [conservative] BTC=75691 | Cash=10239.50 | Phase=selling_puts | Equity=10239.50
2026-04-19 07:35:04,239 [INFO] strategy: [conservative] END: Equity=10239.50 | Cash=10239.50 | DD=0.0% | Trades=3
2026-04-19 07:35:04,239 [INFO] strategy: ============================================================
2026-04-19 07:35:04,239 [INFO] strategy: Running strategy: moderate (Moderate delta and DTE)
2026-04-19 07:35:04,239 [INFO] strategy: ============================================================
2026-04-19 07:35:04,243 [INFO] state_manager: Loaded state for 'moderate' (cash=10047.00, phase=selling_puts)
2026-04-19 07:35:04,295 [INFO] strategy: [moderate] BTC=75691 | Cash=10047.00 | Phase=selling_puts | Equity=10047.00
2026-04-19 07:35:04,416 [INFO] strategy: [moderate] END: Equity=10047.00 | Cash=10047.00 | DD=0.0% | Trades=7
2026-04-19 07:35:04,417 [INFO] strategy: ============================================================
2026-04-19 07:35:04,417 [INFO] strategy: Running strategy: aggressive (Higher delta, shorter DTE, hold to expiry)
2026-04-19 07:35:04,417 [INFO] strategy: ============================================================
2026-04-19 07:35:04,420 [INFO] state_manager: Loaded state for 'aggressive' (cash=10612.85, phase=selling_puts)
2026-04-19 07:35:04,475 [INFO] strategy: [aggressive] BTC=75691 | Cash=10612.85 | Phase=selling_puts | Equity=10612.85
2026-04-19 07:35:04,476 [INFO] strategy: [aggressive] END: Equity=10612.85 | Cash=10612.85 | DD=7.6% | Trades=5
2026-04-19 07:35:04,476 [INFO] main: ----------------------------------------------------------------------
2026-04-19 07:35:04,476 [INFO] main: Exporting reports...
2026-04-19 07:35:04,477 [INFO] export: Exported 3 trades to /home/piotrek/Dokumenty/wheel/output/conservative_trades.csv
2026-04-19 07:35:04,477 [INFO] export: Exported cash flow to /home/piotrek/Dokumenty/wheel/output/conservative_cashflow.csv
2026-04-19 07:35:04,478 [INFO] export: Exported 7 trades to /home/piotrek/Dokumenty/wheel/output/moderate_trades.csv
2026-04-19 07:35:04,479 [INFO] export: Exported cash flow to /home/piotrek/Dokumenty/wheel/output/moderate_cashflow.csv
2026-04-19 07:35:04,479 [INFO] export: Exported 5 trades to /home/piotrek/Dokumenty/wheel/output/aggressive_trades.csv
2026-04-19 07:35:04,480 [INFO] export: Exported cash flow to /home/piotrek/Dokumenty/wheel/output/aggressive_cashflow.csv
2026-04-19 07:35:04,481 [INFO] export: Exported summary to /home/piotrek/Dokumenty/wheel/output/summary.csv
2026-04-19 07:35:04,481 [INFO] main: ======================================================================
2026-04-19 07:35:04,481 [INFO] main: COMPLETE. Log saved to /home/piotrek/Dokumenty/wheel/logs/wheel_20260419_053501.log
2026-04-19 07:35:04,482 [INFO] main: ======================================================================
