2026-04-15 07:35:03,129 [INFO] main: ======================================================================
2026-04-15 07:35:03,129 [INFO] main: WHEEL STRATEGY BOT — 2026-04-15 05:35 UTC
2026-04-15 07:35:03,129 [INFO] main: Strategies: ['conservative', 'moderate', 'aggressive']
2026-04-15 07:35:03,130 [INFO] main: Testnet: True | Dry-run: False
2026-04-15 07:35:03,130 [INFO] main: ======================================================================
2026-04-15 07:35:08,971 [INFO] deribit_client: DeribitClient initialized (testnet=True, markets=5095)
2026-04-15 07:35:09,032 [INFO] main: BTC Price: 74015.00 USDC
2026-04-15 07:35:09,033 [INFO] strategy: ============================================================
2026-04-15 07:35:09,033 [INFO] strategy: Running strategy: conservative (Low delta, longer DTE, early exit)
2026-04-15 07:35:09,033 [INFO] strategy: ============================================================
2026-04-15 07:35:09,036 [INFO] state_manager: Loaded state for 'conservative' (cash=10141.00, phase=selling_puts)
2026-04-15 07:35:09,092 [INFO] strategy: [conservative] BTC=74015 | Cash=10141.00 | Phase=selling_puts | Equity=10141.00
2026-04-15 07:35:09,213 [INFO] strategy: [conservative] Risk check: All risk checks passed.
2026-04-15 07:35:43,075 [INFO] strategy: [conservative] Selling PUT BTC/USDC:USDC-260529-63000-P | strike=63000 delta=-0.147 dte=44.1
2026-04-15 07:35:43,285 [INFO] deribit_client: SELL OPTION: BTC/USDC:USDC-260529-63000-P amount=0.1000
2026-04-15 07:35:43,490 [INFO] strategy: [conservative] END: Equity=10239.50 | Cash=10239.50 | DD=0.0% | Trades=3
2026-04-15 07:35:43,490 [INFO] strategy: ============================================================
2026-04-15 07:35:43,490 [INFO] strategy: Running strategy: moderate (Moderate delta and DTE)
2026-04-15 07:35:43,491 [INFO] strategy: ============================================================
2026-04-15 07:35:43,491 [INFO] state_manager: Loaded state for 'moderate' (cash=9948.00, phase=selling_puts)
2026-04-15 07:35:43,554 [INFO] strategy: [moderate] BTC=74006 | Cash=9948.00 | Phase=selling_puts | Equity=9948.00
2026-04-15 07:35:43,659 [INFO] strategy: [moderate] Risk check: All risk checks passed.
2026-04-15 07:36:16,127 [WARNING] strategy: [moderate] No suitable put found.
2026-04-15 07:36:16,128 [INFO] strategy: [moderate] END: Equity=9948.00 | Cash=9948.00 | DD=0.7% | Trades=6
2026-04-15 07:36:16,128 [INFO] strategy: ============================================================
2026-04-15 07:36:16,128 [INFO] strategy: Running strategy: aggressive (Higher delta, shorter DTE, hold to expiry)
2026-04-15 07:36:16,129 [INFO] strategy: ============================================================
2026-04-15 07:36:16,132 [INFO] state_manager: Loaded state for 'aggressive' (cash=10060.00, phase=selling_calls)
2026-04-15 07:36:16,184 [INFO] strategy: [aggressive] BTC=74015 | Cash=10060.00 | Phase=selling_calls | Equity=10768.35
2026-04-15 07:36:16,185 [INFO] strategy: [aggressive] END: Equity=10768.35 | Cash=10060.00 | DD=-4.7% | Trades=3
2026-04-15 07:36:16,185 [INFO] main: ----------------------------------------------------------------------
2026-04-15 07:36:16,185 [INFO] main: Exporting reports...
2026-04-15 07:36:16,186 [INFO] export: Exported 3 trades to /home/piotrek/Dokumenty/wheel/output/conservative_trades.csv
2026-04-15 07:36:16,186 [INFO] export: Exported cash flow to /home/piotrek/Dokumenty/wheel/output/conservative_cashflow.csv
2026-04-15 07:36:16,187 [INFO] export: Exported 6 trades to /home/piotrek/Dokumenty/wheel/output/moderate_trades.csv
2026-04-15 07:36:16,188 [INFO] export: Exported cash flow to /home/piotrek/Dokumenty/wheel/output/moderate_cashflow.csv
2026-04-15 07:36:16,188 [INFO] export: Exported 3 trades to /home/piotrek/Dokumenty/wheel/output/aggressive_trades.csv
2026-04-15 07:36:16,189 [INFO] export: Exported cash flow to /home/piotrek/Dokumenty/wheel/output/aggressive_cashflow.csv
2026-04-15 07:36:16,190 [INFO] export: Exported summary to /home/piotrek/Dokumenty/wheel/output/summary.csv
2026-04-15 07:36:16,190 [INFO] main: ======================================================================
2026-04-15 07:36:16,190 [INFO] main: COMPLETE. Log saved to /home/piotrek/Dokumenty/wheel/logs/wheel_20260415_053501.log
2026-04-15 07:36:16,191 [INFO] main: ======================================================================
