2026-04-09 07:35:03,290 [INFO] main: ======================================================================
2026-04-09 07:35:03,291 [INFO] main: WHEEL STRATEGY BOT — 2026-04-09 05:35 UTC
2026-04-09 07:35:03,291 [INFO] main: Strategies: ['conservative', 'moderate', 'aggressive']
2026-04-09 07:35:03,291 [INFO] main: Testnet: True | Dry-run: False
2026-04-09 07:35:03,291 [INFO] main: ======================================================================
2026-04-09 07:35:04,564 [INFO] deribit_client: DeribitClient initialized (testnet=True, markets=5438)
2026-04-09 07:35:04,637 [INFO] main: BTC Price: 70988.00 USDC
2026-04-09 07:35:04,637 [INFO] strategy: ============================================================
2026-04-09 07:35:04,637 [INFO] strategy: Running strategy: conservative (Low delta, longer DTE, early exit)
2026-04-09 07:35:04,637 [INFO] strategy: ============================================================
2026-04-09 07:35:04,641 [INFO] state_manager: Loaded state for 'conservative' (cash=10141.00, phase=selling_puts)
2026-04-09 07:35:04,694 [INFO] strategy: [conservative] BTC=70988 | Cash=10141.00 | Phase=selling_puts | Equity=10141.00
2026-04-09 07:35:04,815 [INFO] strategy: [conservative] Risk check: All risk checks passed.
2026-04-09 07:35:43,106 [WARNING] strategy: [conservative] No suitable put found.
2026-04-09 07:35:43,107 [INFO] strategy: [conservative] END: Equity=10141.00 | Cash=10141.00 | DD=0.0% | Trades=2
2026-04-09 07:35:43,107 [INFO] strategy: ============================================================
2026-04-09 07:35:43,107 [INFO] strategy: Running strategy: moderate (Moderate delta and DTE)
2026-04-09 07:35:43,107 [INFO] strategy: ============================================================
2026-04-09 07:35:43,111 [INFO] state_manager: Loaded state for 'moderate' (cash=9817.00, phase=selling_puts)
2026-04-09 07:35:43,165 [INFO] strategy: [moderate] BTC=70988 | Cash=9817.00 | Phase=selling_puts | Equity=9817.00
2026-04-09 07:35:43,291 [INFO] strategy: [moderate] END: Equity=9817.00 | Cash=9817.00 | DD=2.0% | Trades=3
2026-04-09 07:35:43,291 [INFO] strategy: ============================================================
2026-04-09 07:35:43,291 [INFO] strategy: Running strategy: aggressive (Higher delta, shorter DTE, hold to expiry)
2026-04-09 07:35:43,291 [INFO] strategy: ============================================================
2026-04-09 07:35:43,295 [INFO] state_manager: Loaded state for 'aggressive' (cash=10060.00, phase=selling_calls)
2026-04-09 07:35:43,360 [INFO] strategy: [aggressive] BTC=70988 | Cash=10060.00 | Phase=selling_calls | Equity=10465.65
2026-04-09 07:35:43,360 [INFO] strategy: [aggressive] END: Equity=10465.65 | Cash=10060.00 | DD=-1.7% | Trades=3
2026-04-09 07:35:43,361 [INFO] main: ----------------------------------------------------------------------
2026-04-09 07:35:43,361 [INFO] main: Exporting reports...
2026-04-09 07:35:43,361 [INFO] export: Exported 2 trades to /home/piotrek/Dokumenty/wheel/output/conservative_trades.csv
2026-04-09 07:35:43,362 [INFO] export: Exported cash flow to /home/piotrek/Dokumenty/wheel/output/conservative_cashflow.csv
2026-04-09 07:35:43,363 [INFO] export: Exported 3 trades to /home/piotrek/Dokumenty/wheel/output/moderate_trades.csv
2026-04-09 07:35:43,363 [INFO] export: Exported cash flow to /home/piotrek/Dokumenty/wheel/output/moderate_cashflow.csv
2026-04-09 07:35:43,364 [INFO] export: Exported 3 trades to /home/piotrek/Dokumenty/wheel/output/aggressive_trades.csv
2026-04-09 07:35:43,365 [INFO] export: Exported cash flow to /home/piotrek/Dokumenty/wheel/output/aggressive_cashflow.csv
2026-04-09 07:35:43,366 [INFO] export: Exported summary to /home/piotrek/Dokumenty/wheel/output/summary.csv
2026-04-09 07:35:43,366 [INFO] main: ======================================================================
2026-04-09 07:35:43,366 [INFO] main: COMPLETE. Log saved to /home/piotrek/Dokumenty/wheel/logs/wheel_20260409_053502.log
2026-04-09 07:35:43,366 [INFO] main: ======================================================================
