2026-04-03 07:35:02,808 [INFO] main: ======================================================================
2026-04-03 07:35:02,809 [INFO] main: WHEEL STRATEGY BOT — 2026-04-03 05:35 UTC
2026-04-03 07:35:02,809 [INFO] main: Strategies: ['conservative', 'moderate', 'aggressive']
2026-04-03 07:35:02,809 [INFO] main: Testnet: True | Dry-run: False
2026-04-03 07:35:02,809 [INFO] main: ======================================================================
2026-04-03 07:35:04,362 [INFO] deribit_client: DeribitClient initialized (testnet=True, markets=5861)
2026-04-03 07:35:04,431 [INFO] main: BTC Price: 66727.00 USDC
2026-04-03 07:35:04,432 [INFO] strategy: ============================================================
2026-04-03 07:35:04,432 [INFO] strategy: Running strategy: conservative (Low delta, longer DTE, early exit)
2026-04-03 07:35:04,432 [INFO] strategy: ============================================================
2026-04-03 07:35:04,435 [INFO] state_manager: Loaded state for 'conservative' (cash=10106.00, phase=selling_puts)
2026-04-03 07:35:04,491 [INFO] strategy: [conservative] BTC=66727 | Cash=10106.00 | Phase=selling_puts | Equity=10106.00
2026-04-03 07:35:04,561 [INFO] strategy: [conservative] END: Equity=10106.00 | Cash=10106.00 | DD=0.0% | Trades=1
2026-04-03 07:35:04,561 [INFO] strategy: ============================================================
2026-04-03 07:35:04,561 [INFO] strategy: Running strategy: moderate (Moderate delta and DTE)
2026-04-03 07:35:04,561 [INFO] strategy: ============================================================
2026-04-03 07:35:04,565 [INFO] state_manager: Loaded state for 'moderate' (cash=9691.00, phase=selling_puts)
2026-04-03 07:35:04,631 [INFO] strategy: [moderate] BTC=66727 | Cash=9691.00 | Phase=selling_puts | Equity=9691.00
2026-04-03 07:35:04,762 [INFO] strategy: [moderate] Risk check: BTC 66740 < SMA50 68741. Trend filter blocks new puts.
2026-04-03 07:35:04,762 [INFO] strategy: [moderate] END: Equity=9691.00 | Cash=9691.00 | DD=3.3% | Trades=2
2026-04-03 07:35:04,763 [INFO] strategy: ============================================================
2026-04-03 07:35:04,763 [INFO] strategy: Running strategy: aggressive (Higher delta, shorter DTE, hold to expiry)
2026-04-03 07:35:04,763 [INFO] strategy: ============================================================
2026-04-03 07:35:04,766 [INFO] state_manager: Loaded state for 'aggressive' (cash=10136.00, phase=selling_puts)
2026-04-03 07:35:04,835 [INFO] strategy: [aggressive] BTC=66740 | Cash=10136.00 | Phase=selling_puts | Equity=10136.00
2026-04-03 07:35:04,836 [INFO] strategy: [aggressive] END: Equity=10136.00 | Cash=10136.00 | DD=0.0% | Trades=1
2026-04-03 07:35:04,836 [INFO] main: ----------------------------------------------------------------------
2026-04-03 07:35:04,836 [INFO] main: Exporting reports...
2026-04-03 07:35:04,837 [INFO] export: Exported 1 trades to /home/piotrek/Dokumenty/wheel/output/conservative_trades.csv
2026-04-03 07:35:04,837 [INFO] export: Exported cash flow to /home/piotrek/Dokumenty/wheel/output/conservative_cashflow.csv
2026-04-03 07:35:04,838 [INFO] export: Exported 2 trades to /home/piotrek/Dokumenty/wheel/output/moderate_trades.csv
2026-04-03 07:35:04,838 [INFO] export: Exported cash flow to /home/piotrek/Dokumenty/wheel/output/moderate_cashflow.csv
2026-04-03 07:35:04,840 [INFO] export: Exported 1 trades to /home/piotrek/Dokumenty/wheel/output/aggressive_trades.csv
2026-04-03 07:35:04,840 [INFO] export: Exported cash flow to /home/piotrek/Dokumenty/wheel/output/aggressive_cashflow.csv
2026-04-03 07:35:04,841 [INFO] export: Exported summary to /home/piotrek/Dokumenty/wheel/output/summary.csv
2026-04-03 07:35:04,841 [INFO] main: ======================================================================
2026-04-03 07:35:04,842 [INFO] main: COMPLETE. Log saved to /home/piotrek/Dokumenty/wheel/logs/wheel_20260403_053501.log
2026-04-03 07:35:04,842 [INFO] main: ======================================================================
