2026-05-13 07:35:02,969 [INFO] main: ======================================================================
2026-05-13 07:35:02,970 [INFO] main: WHEEL STRATEGY BOT — 2026-05-13 05:35 UTC
2026-05-13 07:35:02,970 [INFO] main: Strategies: ['conservative', 'moderate', 'aggressive', 'daily']
2026-05-13 07:35:02,970 [INFO] main: Testnet: True | Dry-run: False
2026-05-13 07:35:02,970 [INFO] main: ======================================================================
2026-05-13 07:35:04,233 [INFO] deribit_client: DeribitClient initialized (testnet=True, markets=5301)
2026-05-13 07:35:04,297 [INFO] main: BTC Price: 81925.00 USDC
2026-05-13 07:35:04,297 [INFO] strategy: ============================================================
2026-05-13 07:35:04,298 [INFO] strategy: Running strategy: conservative (Low delta, longer DTE, early exit)
2026-05-13 07:35:04,298 [INFO] strategy: ============================================================
2026-05-13 07:35:04,301 [INFO] state_manager: Loaded state for 'conservative' (cash=10415.00, phase=selling_puts)
2026-05-13 07:35:04,355 [INFO] strategy: [conservative] BTC=81925 | Cash=10415.00 | Phase=selling_puts | Equity=10415.00
2026-05-13 07:35:04,406 [INFO] strategy: [conservative] END: Equity=10415.00 | Cash=10415.00 | DD=0.0% | Trades=7
2026-05-13 07:35:04,406 [INFO] strategy: ============================================================
2026-05-13 07:35:04,406 [INFO] strategy: Running strategy: moderate (Moderate delta and DTE)
2026-05-13 07:35:04,406 [INFO] strategy: ============================================================
2026-05-13 07:35:04,410 [INFO] state_manager: Loaded state for 'moderate' (cash=10344.00, phase=selling_puts)
2026-05-13 07:35:04,471 [INFO] strategy: [moderate] BTC=81925 | Cash=10344.00 | Phase=selling_puts | Equity=10344.00
2026-05-13 07:35:04,586 [INFO] strategy: [moderate] STOP LOSS triggered at 1392.3% (limit: 200%)
2026-05-13 07:35:04,789 [INFO] deribit_client: BUY OPTION (close): BTC/USDC:USDC-260529-74000-P amount=0.1000
2026-05-13 07:35:05,001 [INFO] state_manager: Strategy 'moderate' phase -> selling_puts
2026-05-13 07:35:05,128 [INFO] strategy: [moderate] Risk check: All risk checks passed.
2026-05-13 07:35:47,402 [INFO] strategy: [moderate] Selling PUT BTC/USDC:USDC-260529-65000-P | strike=65000 delta=-0.253 dte=16.1
2026-05-13 07:35:47,593 [INFO] deribit_client: SELL OPTION: BTC/USDC:USDC-260529-65000-P amount=0.1000
2026-05-13 07:35:47,806 [INFO] strategy: [moderate] END: Equity=10837.00 | Cash=10837.00 | DD=0.0% | Trades=13
2026-05-13 07:35:47,807 [INFO] strategy: ============================================================
2026-05-13 07:35:47,807 [INFO] strategy: Running strategy: aggressive (Higher delta, shorter DTE, hold to expiry)
2026-05-13 07:35:47,807 [INFO] strategy: ============================================================
2026-05-13 07:35:47,808 [INFO] state_manager: Loaded state for 'aggressive' (cash=10734.85, phase=selling_puts)
2026-05-13 07:35:47,871 [INFO] strategy: [aggressive] BTC=81925 | Cash=10734.85 | Phase=selling_puts | Equity=10734.85
2026-05-13 07:35:47,872 [INFO] strategy: [aggressive] END: Equity=10734.85 | Cash=10734.85 | DD=6.6% | Trades=7
2026-05-13 07:35:47,872 [INFO] strategy: ============================================================
2026-05-13 07:35:47,872 [INFO] strategy: Running strategy: daily (Collect premium daily, don't be afraid of being assigned)
2026-05-13 07:35:47,872 [INFO] strategy: ============================================================
2026-05-13 07:35:47,873 [INFO] state_manager: Loaded state for 'daily' (cash=9835.41, phase=selling_calls)
2026-05-13 07:35:47,940 [INFO] strategy: [daily] BTC=81925 | Cash=9835.41 | Phase=selling_calls | Equity=10056.63
2026-05-13 07:35:47,940 [INFO] strategy: [daily] END: Equity=10056.63 | Cash=9835.41 | DD=0.9% | Trades=19
2026-05-13 07:35:47,940 [INFO] main: ----------------------------------------------------------------------
2026-05-13 07:35:47,941 [INFO] main: Exporting reports...
2026-05-13 07:35:47,941 [INFO] export: Exported 7 trades to /home/piotrek/Dokumenty/wheel/output/conservative_trades.csv
2026-05-13 07:35:47,942 [INFO] export: Exported cash flow to /home/piotrek/Dokumenty/wheel/output/conservative_cashflow.csv
2026-05-13 07:35:47,943 [INFO] export: Exported 13 trades to /home/piotrek/Dokumenty/wheel/output/moderate_trades.csv
2026-05-13 07:35:47,943 [INFO] export: Exported cash flow to /home/piotrek/Dokumenty/wheel/output/moderate_cashflow.csv
2026-05-13 07:35:47,944 [INFO] export: Exported 7 trades to /home/piotrek/Dokumenty/wheel/output/aggressive_trades.csv
2026-05-13 07:35:47,944 [INFO] export: Exported cash flow to /home/piotrek/Dokumenty/wheel/output/aggressive_cashflow.csv
2026-05-13 07:35:47,945 [INFO] export: Exported 19 trades to /home/piotrek/Dokumenty/wheel/output/daily_trades.csv
2026-05-13 07:35:47,946 [INFO] export: Exported cash flow to /home/piotrek/Dokumenty/wheel/output/daily_cashflow.csv
2026-05-13 07:35:47,947 [INFO] export: Exported summary to /home/piotrek/Dokumenty/wheel/output/summary.csv
2026-05-13 07:35:47,947 [INFO] main: ======================================================================
2026-05-13 07:35:47,947 [INFO] main: COMPLETE. Log saved to /home/piotrek/Dokumenty/wheel/logs/wheel_20260513_053501.log
2026-05-13 07:35:47,947 [INFO] main: ======================================================================
