2026-03-30 07:35:02,982 [INFO] main: ======================================================================
2026-03-30 07:35:02,982 [INFO] main: WHEEL STRATEGY BOT — 2026-03-30 05:35 UTC
2026-03-30 07:35:02,982 [INFO] main: Strategies: ['conservative', 'moderate', 'aggressive']
2026-03-30 07:35:02,982 [INFO] main: Testnet: True | Dry-run: False
2026-03-30 07:35:02,983 [INFO] main: ======================================================================
2026-03-30 07:35:04,266 [INFO] deribit_client: DeribitClient initialized (testnet=True, markets=5510)
2026-03-30 07:35:04,326 [INFO] main: BTC Price: 67632.00 USDC
2026-03-30 07:35:04,326 [INFO] strategy: ============================================================
2026-03-30 07:35:04,326 [INFO] strategy: Running strategy: conservative (Low delta, longer DTE, early exit)
2026-03-30 07:35:04,326 [INFO] strategy: ============================================================
2026-03-30 07:35:04,330 [INFO] state_manager: Loaded state for 'conservative' (cash=10106.00, phase=selling_puts)
2026-03-30 07:35:04,400 [INFO] strategy: [conservative] BTC=67632 | Cash=10106.00 | Phase=selling_puts | Equity=10106.00
2026-03-30 07:35:04,465 [INFO] strategy: [conservative] END: Equity=10106.00 | Cash=10106.00 | DD=0.0% | Trades=1
2026-03-30 07:35:04,466 [INFO] strategy: ============================================================
2026-03-30 07:35:04,466 [INFO] strategy: Running strategy: moderate (Moderate delta and DTE)
2026-03-30 07:35:04,466 [INFO] strategy: ============================================================
2026-03-30 07:35:04,469 [INFO] state_manager: Loaded state for 'moderate' (cash=9691.00, phase=selling_puts)
2026-03-30 07:35:04,531 [INFO] strategy: [moderate] BTC=67632 | Cash=9691.00 | Phase=selling_puts | Equity=9691.00
2026-03-30 07:35:04,662 [INFO] strategy: [moderate] Risk check: BTC 67632 < SMA50 68819. Trend filter blocks new puts.
2026-03-30 07:35:04,662 [INFO] strategy: [moderate] END: Equity=9691.00 | Cash=9691.00 | DD=3.3% | Trades=2
2026-03-30 07:35:04,662 [INFO] strategy: ============================================================
2026-03-30 07:35:04,662 [INFO] strategy: Running strategy: aggressive (Higher delta, shorter DTE, hold to expiry)
2026-03-30 07:35:04,662 [INFO] strategy: ============================================================
2026-03-30 07:35:04,666 [INFO] state_manager: Loaded state for 'aggressive' (cash=10136.00, phase=selling_puts)
2026-03-30 07:35:04,726 [INFO] strategy: [aggressive] BTC=67632 | Cash=10136.00 | Phase=selling_puts | Equity=10136.00
2026-03-30 07:35:04,726 [INFO] strategy: [aggressive] END: Equity=10136.00 | Cash=10136.00 | DD=0.0% | Trades=1
2026-03-30 07:35:04,726 [INFO] main: ----------------------------------------------------------------------
2026-03-30 07:35:04,726 [INFO] main: Exporting reports...
2026-03-30 07:35:04,727 [INFO] export: Exported 1 trades to /home/piotrek/Dokumenty/wheel/output/conservative_trades.csv
2026-03-30 07:35:04,727 [INFO] export: Exported cash flow to /home/piotrek/Dokumenty/wheel/output/conservative_cashflow.csv
2026-03-30 07:35:04,728 [INFO] export: Exported 2 trades to /home/piotrek/Dokumenty/wheel/output/moderate_trades.csv
2026-03-30 07:35:04,729 [INFO] export: Exported cash flow to /home/piotrek/Dokumenty/wheel/output/moderate_cashflow.csv
2026-03-30 07:35:04,730 [INFO] export: Exported 1 trades to /home/piotrek/Dokumenty/wheel/output/aggressive_trades.csv
2026-03-30 07:35:04,730 [INFO] export: Exported cash flow to /home/piotrek/Dokumenty/wheel/output/aggressive_cashflow.csv
2026-03-30 07:35:04,731 [INFO] export: Exported summary to /home/piotrek/Dokumenty/wheel/output/summary.csv
2026-03-30 07:35:04,731 [INFO] main: ======================================================================
2026-03-30 07:35:04,731 [INFO] main: COMPLETE. Log saved to /home/piotrek/Dokumenty/wheel/logs/wheel_20260330_053501.log
2026-03-30 07:35:04,732 [INFO] main: ======================================================================
