2026-05-22 07:35:03,136 [INFO] main: ======================================================================
2026-05-22 07:35:03,137 [INFO] main: WHEEL STRATEGY BOT — 2026-05-22 05:35 UTC
2026-05-22 07:35:03,137 [INFO] main: Strategies: ['conservative', 'moderate', 'aggressive', 'daily']
2026-05-22 07:35:03,137 [INFO] main: Testnet: True | Dry-run: False
2026-05-22 07:35:03,137 [INFO] main: ======================================================================
2026-05-22 07:35:04,424 [INFO] deribit_client: DeribitClient initialized (testnet=True, markets=5511)
2026-05-22 07:35:04,477 [INFO] main: BTC Price: 77535.00 USDC
2026-05-22 07:35:04,477 [INFO] strategy: ============================================================
2026-05-22 07:35:04,477 [INFO] strategy: Running strategy: conservative (Low delta, longer DTE, early exit)
2026-05-22 07:35:04,477 [INFO] strategy: ============================================================
2026-05-22 07:35:04,481 [INFO] state_manager: Loaded state for 'conservative' (cash=10615.00, phase=selling_puts)
2026-05-22 07:35:04,528 [INFO] strategy: [conservative] BTC=77535 | Cash=10615.00 | Phase=selling_puts | Equity=10615.00
2026-05-22 07:35:04,587 [INFO] strategy: [conservative] END: Equity=10615.00 | Cash=10615.00 | DD=0.0% | Trades=9
2026-05-22 07:35:04,587 [INFO] strategy: ============================================================
2026-05-22 07:35:04,587 [INFO] strategy: Running strategy: moderate (Moderate delta and DTE)
2026-05-22 07:35:04,587 [INFO] strategy: ============================================================
2026-05-22 07:35:04,590 [INFO] state_manager: Loaded state for 'moderate' (cash=11373.00, phase=selling_puts)
2026-05-22 07:35:04,647 [INFO] strategy: [moderate] BTC=77535 | Cash=11373.00 | Phase=selling_puts | Equity=11373.00
2026-05-22 07:35:04,768 [INFO] strategy: [moderate] Risk check: All risk checks passed.
2026-05-22 07:35:47,873 [INFO] strategy: [moderate] Selling PUT BTC/USDC:USDC-260605-74000-P | strike=74000 delta=-0.239 dte=14.1
2026-05-22 07:35:48,091 [INFO] deribit_client: SELL OPTION: BTC/USDC:USDC-260605-74000-P amount=0.1000
2026-05-22 07:35:48,293 [INFO] strategy: [moderate] END: Equity=11452.50 | Cash=11452.50 | DD=0.0% | Trades=15
2026-05-22 07:35:48,294 [INFO] strategy: ============================================================
2026-05-22 07:35:48,294 [INFO] strategy: Running strategy: aggressive (Higher delta, shorter DTE, hold to expiry)
2026-05-22 07:35:48,294 [INFO] strategy: ============================================================
2026-05-22 07:35:48,295 [INFO] state_manager: Loaded state for 'aggressive' (cash=11570.85, phase=selling_puts)
2026-05-22 07:35:48,351 [INFO] strategy: [aggressive] BTC=77535 | Cash=11570.85 | Phase=selling_puts | Equity=11570.85
2026-05-22 07:35:48,352 [INFO] strategy: [aggressive] END: Equity=11570.85 | Cash=11570.85 | DD=0.0% | Trades=9
2026-05-22 07:35:48,352 [INFO] strategy: ============================================================
2026-05-22 07:35:48,352 [INFO] strategy: Running strategy: daily (Collect premium daily, don't be afraid of being assigned)
2026-05-22 07:35:48,352 [INFO] strategy: ============================================================
2026-05-22 07:35:48,353 [INFO] state_manager: Loaded state for 'daily' (cash=9665.63, phase=selling_puts)
2026-05-22 07:35:48,412 [INFO] strategy: [daily] BTC=77535 | Cash=9665.63 | Phase=selling_puts | Equity=9665.63
2026-05-22 07:35:48,412 [INFO] strategy: [daily] PUT EXPIRED OTM: BTC 77535 > strike 77000. Premium kept.
2026-05-22 07:35:48,419 [INFO] state_manager: Strategy 'daily' phase -> selling_puts
2026-05-22 07:35:48,547 [INFO] strategy: [daily] Risk check: All risk checks passed.
2026-05-22 07:36:30,548 [INFO] strategy: [daily] Selling PUT BTC/USDC:USDC-260523-77500-P | strike=77500 delta=-0.496 dte=1.1
2026-05-22 07:36:30,770 [INFO] deribit_client: SELL OPTION: BTC/USDC:USDC-260523-77500-P amount=0.1000
2026-05-22 07:36:30,976 [INFO] strategy: [daily] END: Equity=9709.13 | Cash=9709.13 | DD=4.4% | Trades=29
2026-05-22 07:36:30,976 [INFO] main: ----------------------------------------------------------------------
2026-05-22 07:36:30,976 [INFO] main: Exporting reports...
2026-05-22 07:36:30,978 [INFO] export: Exported 9 trades to /home/piotrek/Dokumenty/wheel/output/conservative_trades.csv
2026-05-22 07:36:30,979 [INFO] export: Exported cash flow to /home/piotrek/Dokumenty/wheel/output/conservative_cashflow.csv
2026-05-22 07:36:30,980 [INFO] export: Exported 15 trades to /home/piotrek/Dokumenty/wheel/output/moderate_trades.csv
2026-05-22 07:36:30,982 [INFO] export: Exported cash flow to /home/piotrek/Dokumenty/wheel/output/moderate_cashflow.csv
2026-05-22 07:36:30,983 [INFO] export: Exported 9 trades to /home/piotrek/Dokumenty/wheel/output/aggressive_trades.csv
2026-05-22 07:36:30,984 [INFO] export: Exported cash flow to /home/piotrek/Dokumenty/wheel/output/aggressive_cashflow.csv
2026-05-22 07:36:30,986 [INFO] export: Exported 29 trades to /home/piotrek/Dokumenty/wheel/output/daily_trades.csv
2026-05-22 07:36:30,988 [INFO] export: Exported cash flow to /home/piotrek/Dokumenty/wheel/output/daily_cashflow.csv
2026-05-22 07:36:30,990 [INFO] export: Exported summary to /home/piotrek/Dokumenty/wheel/output/summary.csv
2026-05-22 07:36:30,990 [INFO] main: ======================================================================
2026-05-22 07:36:30,990 [INFO] main: COMPLETE. Log saved to /home/piotrek/Dokumenty/wheel/logs/wheel_20260522_053501.log
2026-05-22 07:36:30,991 [INFO] main: ======================================================================
