2026-04-04 07:35:02,503 [INFO] main: ======================================================================
2026-04-04 07:35:02,504 [INFO] main: WHEEL STRATEGY BOT — 2026-04-04 05:35 UTC
2026-04-04 07:35:02,504 [INFO] main: Strategies: ['conservative', 'moderate', 'aggressive']
2026-04-04 07:35:02,504 [INFO] main: Testnet: True | Dry-run: False
2026-04-04 07:35:02,504 [INFO] main: ======================================================================
2026-04-04 07:35:03,809 [INFO] deribit_client: DeribitClient initialized (testnet=True, markets=5534)
2026-04-04 07:35:03,893 [INFO] main: BTC Price: 66920.00 USDC
2026-04-04 07:35:03,893 [INFO] strategy: ============================================================
2026-04-04 07:35:03,893 [INFO] strategy: Running strategy: conservative (Low delta, longer DTE, early exit)
2026-04-04 07:35:03,893 [INFO] strategy: ============================================================
2026-04-04 07:35:03,897 [INFO] state_manager: Loaded state for 'conservative' (cash=10106.00, phase=selling_puts)
2026-04-04 07:35:03,968 [INFO] strategy: [conservative] BTC=66920 | Cash=10106.00 | Phase=selling_puts | Equity=10106.00
2026-04-04 07:35:04,019 [INFO] strategy: [conservative] END: Equity=10106.00 | Cash=10106.00 | DD=0.0% | Trades=1
2026-04-04 07:35:04,019 [INFO] strategy: ============================================================
2026-04-04 07:35:04,019 [INFO] strategy: Running strategy: moderate (Moderate delta and DTE)
2026-04-04 07:35:04,019 [INFO] strategy: ============================================================
2026-04-04 07:35:04,023 [INFO] state_manager: Loaded state for 'moderate' (cash=9691.00, phase=selling_puts)
2026-04-04 07:35:04,088 [INFO] strategy: [moderate] BTC=66920 | Cash=9691.00 | Phase=selling_puts | Equity=9691.00
2026-04-04 07:35:04,214 [INFO] strategy: [moderate] Risk check: BTC 66920 < SMA50 68763. Trend filter blocks new puts.
2026-04-04 07:35:04,214 [INFO] strategy: [moderate] END: Equity=9691.00 | Cash=9691.00 | DD=3.3% | Trades=2
2026-04-04 07:35:04,214 [INFO] strategy: ============================================================
2026-04-04 07:35:04,214 [INFO] strategy: Running strategy: aggressive (Higher delta, shorter DTE, hold to expiry)
2026-04-04 07:35:04,215 [INFO] strategy: ============================================================
2026-04-04 07:35:04,218 [INFO] state_manager: Loaded state for 'aggressive' (cash=10136.00, phase=selling_puts)
2026-04-04 07:35:04,276 [INFO] strategy: [aggressive] BTC=66920 | Cash=10136.00 | Phase=selling_puts | Equity=10136.00
2026-04-04 07:35:04,276 [INFO] strategy: [aggressive] PUT ASSIGNED: BTC 66920 <= strike 69000. Buying future to simulate assignment.
2026-04-04 07:35:04,478 [INFO] deribit_client: BUY FUTURE (long): BTC/USDC:USDC amount=0.1000
2026-04-04 07:35:04,693 [INFO] state_manager: Strategy 'aggressive' phase -> selling_calls
2026-04-04 07:35:04,814 [INFO] strategy: [aggressive] Risk check: BTC 66920 < SMA50 68763. Trend filter blocks new puts.
2026-04-04 07:35:04,814 [INFO] strategy: [aggressive] END: Equity=9926.85 | Cash=9928.00 | DD=2.1% | Trades=2
2026-04-04 07:35:04,814 [INFO] main: ----------------------------------------------------------------------
2026-04-04 07:35:04,814 [INFO] main: Exporting reports...
2026-04-04 07:35:04,815 [INFO] export: Exported 1 trades to /home/piotrek/Dokumenty/wheel/output/conservative_trades.csv
2026-04-04 07:35:04,815 [INFO] export: Exported cash flow to /home/piotrek/Dokumenty/wheel/output/conservative_cashflow.csv
2026-04-04 07:35:04,815 [INFO] export: Exported 2 trades to /home/piotrek/Dokumenty/wheel/output/moderate_trades.csv
2026-04-04 07:35:04,816 [INFO] export: Exported cash flow to /home/piotrek/Dokumenty/wheel/output/moderate_cashflow.csv
2026-04-04 07:35:04,816 [INFO] export: Exported 2 trades to /home/piotrek/Dokumenty/wheel/output/aggressive_trades.csv
2026-04-04 07:35:04,817 [INFO] export: Exported cash flow to /home/piotrek/Dokumenty/wheel/output/aggressive_cashflow.csv
2026-04-04 07:35:04,817 [INFO] export: Exported summary to /home/piotrek/Dokumenty/wheel/output/summary.csv
2026-04-04 07:35:04,818 [INFO] main: ======================================================================
2026-04-04 07:35:04,818 [INFO] main: COMPLETE. Log saved to /home/piotrek/Dokumenty/wheel/logs/wheel_20260404_053501.log
2026-04-04 07:35:04,818 [INFO] main: ======================================================================
