2026-04-18 07:35:03,212 [INFO] main: ======================================================================
2026-04-18 07:35:03,212 [INFO] main: WHEEL STRATEGY BOT — 2026-04-18 05:35 UTC
2026-04-18 07:35:03,212 [INFO] main: Strategies: ['conservative', 'moderate', 'aggressive']
2026-04-18 07:35:03,212 [INFO] main: Testnet: True | Dry-run: False
2026-04-18 07:35:03,212 [INFO] main: ======================================================================
2026-04-18 07:35:04,468 [INFO] deribit_client: DeribitClient initialized (testnet=True, markets=5294)
2026-04-18 07:35:04,539 [INFO] main: BTC Price: 77171.00 USDC
2026-04-18 07:35:04,539 [INFO] strategy: ============================================================
2026-04-18 07:35:04,539 [INFO] strategy: Running strategy: conservative (Low delta, longer DTE, early exit)
2026-04-18 07:35:04,539 [INFO] strategy: ============================================================
2026-04-18 07:35:04,543 [INFO] state_manager: Loaded state for 'conservative' (cash=10239.50, phase=selling_puts)
2026-04-18 07:35:04,601 [INFO] strategy: [conservative] BTC=77171 | Cash=10239.50 | Phase=selling_puts | Equity=10239.50
2026-04-18 07:35:04,651 [INFO] strategy: [conservative] END: Equity=10239.50 | Cash=10239.50 | DD=0.0% | Trades=3
2026-04-18 07:35:04,652 [INFO] strategy: ============================================================
2026-04-18 07:35:04,652 [INFO] strategy: Running strategy: moderate (Moderate delta and DTE)
2026-04-18 07:35:04,652 [INFO] strategy: ============================================================
2026-04-18 07:35:04,655 [INFO] state_manager: Loaded state for 'moderate' (cash=10047.00, phase=selling_puts)
2026-04-18 07:35:04,716 [INFO] strategy: [moderate] BTC=77171 | Cash=10047.00 | Phase=selling_puts | Equity=10047.00
2026-04-18 07:35:04,832 [INFO] strategy: [moderate] END: Equity=10047.00 | Cash=10047.00 | DD=0.0% | Trades=7
2026-04-18 07:35:04,832 [INFO] strategy: ============================================================
2026-04-18 07:35:04,832 [INFO] strategy: Running strategy: aggressive (Higher delta, shorter DTE, hold to expiry)
2026-04-18 07:35:04,832 [INFO] strategy: ============================================================
2026-04-18 07:35:04,835 [INFO] state_manager: Loaded state for 'aggressive' (cash=10060.00, phase=selling_calls)
2026-04-18 07:35:04,892 [INFO] strategy: [aggressive] BTC=77171 | Cash=10060.00 | Phase=selling_calls | Equity=11083.95
2026-04-18 07:35:04,892 [INFO] strategy: [aggressive] CALL ASSIGNED: BTC 77171 >= strike 71000. Closing future.
2026-04-18 07:35:05,103 [INFO] deribit_client: SELL FUTURE (close long): BTC/USDC:USDC amount=0.1000
2026-04-18 07:35:05,317 [INFO] state_manager: Strategy 'aggressive' phase -> selling_puts
2026-04-18 07:35:05,434 [INFO] strategy: [aggressive] Risk check: All risk checks passed.
2026-04-18 07:35:43,753 [INFO] strategy: [aggressive] Selling PUT BTC/USDC:USDC-260501-75000-P | strike=75000 delta=-0.348 dte=13.1
2026-04-18 07:35:43,951 [INFO] deribit_client: SELL OPTION: BTC/USDC:USDC-260501-75000-P amount=0.1000
2026-04-18 07:35:44,157 [INFO] strategy: [aggressive] END: Equity=10612.85 | Cash=10612.85 | DD=7.6% | Trades=5
2026-04-18 07:35:44,157 [INFO] main: ----------------------------------------------------------------------
2026-04-18 07:35:44,157 [INFO] main: Exporting reports...
2026-04-18 07:35:44,158 [INFO] export: Exported 3 trades to /home/piotrek/Dokumenty/wheel/output/conservative_trades.csv
2026-04-18 07:35:44,158 [INFO] export: Exported cash flow to /home/piotrek/Dokumenty/wheel/output/conservative_cashflow.csv
2026-04-18 07:35:44,159 [INFO] export: Exported 7 trades to /home/piotrek/Dokumenty/wheel/output/moderate_trades.csv
2026-04-18 07:35:44,160 [INFO] export: Exported cash flow to /home/piotrek/Dokumenty/wheel/output/moderate_cashflow.csv
2026-04-18 07:35:44,161 [INFO] export: Exported 5 trades to /home/piotrek/Dokumenty/wheel/output/aggressive_trades.csv
2026-04-18 07:35:44,161 [INFO] export: Exported cash flow to /home/piotrek/Dokumenty/wheel/output/aggressive_cashflow.csv
2026-04-18 07:35:44,162 [INFO] export: Exported summary to /home/piotrek/Dokumenty/wheel/output/summary.csv
2026-04-18 07:35:44,162 [INFO] main: ======================================================================
2026-04-18 07:35:44,163 [INFO] main: COMPLETE. Log saved to /home/piotrek/Dokumenty/wheel/logs/wheel_20260418_053501.log
2026-04-18 07:35:44,163 [INFO] main: ======================================================================
