2026-05-29 09:00:42,032 [INFO] main: ======================================================================
2026-05-29 09:00:42,032 [INFO] main: WHEEL STRATEGY BOT — 2026-05-29 07:00 UTC
2026-05-29 09:00:42,032 [INFO] main: Strategies: ['conservative', 'moderate', 'aggressive', 'daily']
2026-05-29 09:00:42,032 [INFO] main: Testnet: True | Settlement: BTC | Dry-run: False
2026-05-29 09:00:42,032 [INFO] main: ======================================================================
2026-05-29 09:00:42,584 [INFO] deribit_client: DeribitClient initialized (testnet=True, settlement=BTC, markets=5760)
2026-05-29 09:00:42,647 [INFO] main: BTC Price: 73725.00 BTC
2026-05-29 09:00:42,647 [INFO] strategy: ============================================================
2026-05-29 09:00:42,647 [INFO] strategy: Running strategy: conservative (Low delta, longer DTE, early exit) | Settlement: BTC
2026-05-29 09:00:42,647 [INFO] strategy: ============================================================
2026-05-29 09:00:42,647 [INFO] state_manager: Loaded state for 'conservative' (cash=0.5000, phase=selling_puts)
2026-05-29 09:00:42,707 [INFO] strategy: [conservative] BTC=73725 | Cash=0.5000 | Phase=selling_puts | Equity=0.5000
2026-05-29 09:00:42,829 [INFO] strategy: [conservative] Risk check: BTC 73725 < SMA50 77131. Trend filter blocks new puts.
2026-05-29 09:00:42,829 [INFO] strategy: [conservative] END: Equity=0.5000 | Cash=0.5000 | DD=0.0% | Trades=0
2026-05-29 09:00:42,829 [INFO] strategy: ============================================================
2026-05-29 09:00:42,829 [INFO] strategy: Running strategy: moderate (Moderate delta and DTE) | Settlement: BTC
2026-05-29 09:00:42,829 [INFO] strategy: ============================================================
2026-05-29 09:00:42,829 [INFO] state_manager: Loaded state for 'moderate' (cash=0.5000, phase=selling_puts)
2026-05-29 09:00:42,888 [INFO] strategy: [moderate] BTC=73725 | Cash=0.5000 | Phase=selling_puts | Equity=0.5000
2026-05-29 09:00:43,009 [INFO] strategy: [moderate] Risk check: BTC 73725 < SMA50 77131. Trend filter blocks new puts.
2026-05-29 09:00:43,009 [INFO] strategy: [moderate] END: Equity=0.5000 | Cash=0.5000 | DD=0.0% | Trades=0
2026-05-29 09:00:43,009 [INFO] strategy: ============================================================
2026-05-29 09:00:43,009 [INFO] strategy: Running strategy: aggressive (Higher delta, shorter DTE, hold to expiry) | Settlement: BTC
2026-05-29 09:00:43,009 [INFO] strategy: ============================================================
2026-05-29 09:00:43,009 [INFO] state_manager: Loaded state for 'aggressive' (cash=0.5000, phase=selling_puts)
2026-05-29 09:00:43,072 [INFO] strategy: [aggressive] BTC=73725 | Cash=0.5000 | Phase=selling_puts | Equity=0.5000
2026-05-29 09:00:43,186 [INFO] strategy: [aggressive] Risk check: BTC 73725 < SMA50 77131. Trend filter blocks new puts.
2026-05-29 09:00:43,187 [INFO] strategy: [aggressive] END: Equity=0.5000 | Cash=0.5000 | DD=0.0% | Trades=0
2026-05-29 09:00:43,187 [INFO] strategy: ============================================================
2026-05-29 09:00:43,187 [INFO] strategy: Running strategy: daily (Collect premium daily, don't be afraid of being assigned) | Settlement: BTC
2026-05-29 09:00:43,187 [INFO] strategy: ============================================================
2026-05-29 09:00:43,187 [INFO] state_manager: Loaded state for 'daily' (cash=0.5000, phase=selling_puts)
2026-05-29 09:00:43,248 [INFO] strategy: [daily] BTC=73725 | Cash=0.5000 | Phase=selling_puts | Equity=0.5000
2026-05-29 09:00:43,368 [INFO] strategy: [daily] Risk check: BTC 73725 < SMA50 77131. Trend filter blocks new puts.
2026-05-29 09:00:43,368 [INFO] strategy: [daily] END: Equity=0.5000 | Cash=0.5000 | DD=0.0% | Trades=0
2026-05-29 09:00:43,368 [INFO] main: ----------------------------------------------------------------------
2026-05-29 09:00:43,368 [INFO] main: Exporting reports...
2026-05-29 09:00:43,368 [INFO] export: Exported 0 trades to /shared/wheel/output/conservative_trades.csv
2026-05-29 09:00:43,368 [INFO] export: Exported cash flow to /shared/wheel/output/conservative_cashflow.csv
2026-05-29 09:00:43,368 [INFO] export: Exported 0 trades to /shared/wheel/output/moderate_trades.csv
2026-05-29 09:00:43,368 [INFO] export: Exported cash flow to /shared/wheel/output/moderate_cashflow.csv
2026-05-29 09:00:43,369 [INFO] export: Exported 0 trades to /shared/wheel/output/aggressive_trades.csv
2026-05-29 09:00:43,369 [INFO] export: Exported cash flow to /shared/wheel/output/aggressive_cashflow.csv
2026-05-29 09:00:43,369 [INFO] export: Exported 0 trades to /shared/wheel/output/daily_trades.csv
2026-05-29 09:00:43,369 [INFO] export: Exported cash flow to /shared/wheel/output/daily_cashflow.csv
2026-05-29 09:00:43,369 [INFO] export: Exported summary to /shared/wheel/output/summary.csv
2026-05-29 09:00:43,369 [INFO] main: ======================================================================
2026-05-29 09:00:43,369 [INFO] main: COMPLETE. Log saved to /shared/wheel/logs/wheel_20260529_070041.log
2026-05-29 09:00:43,369 [INFO] main: ======================================================================
