2026-05-19 07:35:02,908 [INFO] main: ======================================================================
2026-05-19 07:35:02,908 [INFO] main: WHEEL STRATEGY BOT — 2026-05-19 05:35 UTC
2026-05-19 07:35:02,909 [INFO] main: Strategies: ['conservative', 'moderate', 'aggressive', 'daily']
2026-05-19 07:35:02,909 [INFO] main: Testnet: True | Dry-run: False
2026-05-19 07:35:02,909 [INFO] main: ======================================================================
2026-05-19 07:35:09,242 [INFO] deribit_client: DeribitClient initialized (testnet=True, markets=5216)
2026-05-19 07:35:09,296 [INFO] main: BTC Price: 78016.00 USDC
2026-05-19 07:35:09,296 [INFO] strategy: ============================================================
2026-05-19 07:35:09,296 [INFO] strategy: Running strategy: conservative (Low delta, longer DTE, early exit)
2026-05-19 07:35:09,297 [INFO] strategy: ============================================================
2026-05-19 07:35:09,300 [INFO] state_manager: Loaded state for 'conservative' (cash=10415.00, phase=selling_puts)
2026-05-19 07:35:09,353 [INFO] strategy: [conservative] BTC=78016 | Cash=10415.00 | Phase=selling_puts | Equity=10415.00
2026-05-19 07:35:09,405 [INFO] strategy: [conservative] END: Equity=10415.00 | Cash=10415.00 | DD=0.0% | Trades=7
2026-05-19 07:35:09,405 [INFO] strategy: ============================================================
2026-05-19 07:35:09,405 [INFO] strategy: Running strategy: moderate (Moderate delta and DTE)
2026-05-19 07:35:09,405 [INFO] strategy: ============================================================
2026-05-19 07:35:09,409 [INFO] state_manager: Loaded state for 'moderate' (cash=10837.00, phase=selling_puts)
2026-05-19 07:35:09,459 [INFO] strategy: [moderate] BTC=78016 | Cash=10837.00 | Phase=selling_puts | Equity=10837.00
2026-05-19 07:35:09,565 [INFO] strategy: [moderate] END: Equity=10837.00 | Cash=10837.00 | DD=0.0% | Trades=13
2026-05-19 07:35:09,565 [INFO] strategy: ============================================================
2026-05-19 07:35:09,565 [INFO] strategy: Running strategy: aggressive (Higher delta, shorter DTE, hold to expiry)
2026-05-19 07:35:09,566 [INFO] strategy: ============================================================
2026-05-19 07:35:09,569 [INFO] state_manager: Loaded state for 'aggressive' (cash=11570.85, phase=selling_puts)
2026-05-19 07:35:09,645 [INFO] strategy: [aggressive] BTC=78016 | Cash=11570.85 | Phase=selling_puts | Equity=11570.85
2026-05-19 07:35:09,645 [INFO] strategy: [aggressive] END: Equity=11570.85 | Cash=11570.85 | DD=0.0% | Trades=9
2026-05-19 07:35:09,645 [INFO] strategy: ============================================================
2026-05-19 07:35:09,646 [INFO] strategy: Running strategy: daily (Collect premium daily, don't be afraid of being assigned)
2026-05-19 07:35:09,646 [INFO] strategy: ============================================================
2026-05-19 07:35:09,649 [INFO] state_manager: Loaded state for 'daily' (cash=9894.91, phase=selling_calls)
2026-05-19 07:35:09,736 [INFO] strategy: [daily] BTC=78016 | Cash=9894.91 | Phase=selling_calls | Equity=9725.23
2026-05-19 07:35:09,737 [INFO] strategy: [daily] END: Equity=9725.23 | Cash=9894.91 | DD=4.2% | Trades=25
2026-05-19 07:35:09,737 [INFO] main: ----------------------------------------------------------------------
2026-05-19 07:35:09,737 [INFO] main: Exporting reports...
2026-05-19 07:35:09,738 [INFO] export: Exported 7 trades to /home/piotrek/Dokumenty/wheel/output/conservative_trades.csv
2026-05-19 07:35:09,738 [INFO] export: Exported cash flow to /home/piotrek/Dokumenty/wheel/output/conservative_cashflow.csv
2026-05-19 07:35:09,740 [INFO] export: Exported 13 trades to /home/piotrek/Dokumenty/wheel/output/moderate_trades.csv
2026-05-19 07:35:09,741 [INFO] export: Exported cash flow to /home/piotrek/Dokumenty/wheel/output/moderate_cashflow.csv
2026-05-19 07:35:09,741 [INFO] export: Exported 9 trades to /home/piotrek/Dokumenty/wheel/output/aggressive_trades.csv
2026-05-19 07:35:09,742 [INFO] export: Exported cash flow to /home/piotrek/Dokumenty/wheel/output/aggressive_cashflow.csv
2026-05-19 07:35:09,743 [INFO] export: Exported 25 trades to /home/piotrek/Dokumenty/wheel/output/daily_trades.csv
2026-05-19 07:35:09,744 [INFO] export: Exported cash flow to /home/piotrek/Dokumenty/wheel/output/daily_cashflow.csv
2026-05-19 07:35:09,746 [INFO] export: Exported summary to /home/piotrek/Dokumenty/wheel/output/summary.csv
2026-05-19 07:35:09,746 [INFO] main: ======================================================================
2026-05-19 07:35:09,747 [INFO] main: COMPLETE. Log saved to /home/piotrek/Dokumenty/wheel/logs/wheel_20260519_053501.log
2026-05-19 07:35:09,747 [INFO] main: ======================================================================
