2026-04-24 07:35:02,770 [INFO] main: ======================================================================
2026-04-24 07:35:02,771 [INFO] main: WHEEL STRATEGY BOT — 2026-04-24 05:35 UTC
2026-04-24 07:35:02,771 [INFO] main: Strategies: ['conservative', 'moderate', 'aggressive', 'daily']
2026-04-24 07:35:02,771 [INFO] main: Testnet: True | Dry-run: False
2026-04-24 07:35:02,771 [INFO] main: ======================================================================
2026-04-24 07:35:04,101 [INFO] deribit_client: DeribitClient initialized (testnet=True, markets=5373)
2026-04-24 07:35:04,178 [INFO] main: BTC Price: 75908.00 USDC
2026-04-24 07:35:04,179 [INFO] strategy: ============================================================
2026-04-24 07:35:04,179 [INFO] strategy: Running strategy: conservative (Low delta, longer DTE, early exit)
2026-04-24 07:35:04,179 [INFO] strategy: ============================================================
2026-04-24 07:35:04,182 [INFO] state_manager: Loaded state for 'conservative' (cash=10330.50, phase=selling_puts)
2026-04-24 07:35:04,242 [INFO] strategy: [conservative] BTC=75908 | Cash=10330.50 | Phase=selling_puts | Equity=10330.50
2026-04-24 07:35:04,305 [INFO] strategy: [conservative] END: Equity=10330.50 | Cash=10330.50 | DD=0.0% | Trades=5
2026-04-24 07:35:04,305 [INFO] strategy: ============================================================
2026-04-24 07:35:04,306 [INFO] strategy: Running strategy: moderate (Moderate delta and DTE)
2026-04-24 07:35:04,306 [INFO] strategy: ============================================================
2026-04-24 07:35:04,309 [INFO] state_manager: Loaded state for 'moderate' (cash=10080.00, phase=selling_puts)
2026-04-24 07:35:04,362 [INFO] strategy: [moderate] BTC=75908 | Cash=10080.00 | Phase=selling_puts | Equity=10080.00
2026-04-24 07:35:04,481 [INFO] strategy: [moderate] Risk check: All risk checks passed.
2026-04-24 07:35:42,457 [WARNING] strategy: [moderate] No suitable put found.
2026-04-24 07:35:42,458 [INFO] strategy: [moderate] END: Equity=10080.00 | Cash=10080.00 | DD=0.0% | Trades=8
2026-04-24 07:35:42,461 [INFO] strategy: ============================================================
2026-04-24 07:35:42,461 [INFO] strategy: Running strategy: aggressive (Higher delta, shorter DTE, hold to expiry)
2026-04-24 07:35:42,461 [INFO] strategy: ============================================================
2026-04-24 07:35:42,464 [INFO] state_manager: Loaded state for 'aggressive' (cash=10612.85, phase=selling_puts)
2026-04-24 07:35:42,518 [INFO] strategy: [aggressive] BTC=75908 | Cash=10612.85 | Phase=selling_puts | Equity=10612.85
2026-04-24 07:35:42,518 [INFO] strategy: [aggressive] END: Equity=10612.85 | Cash=10612.85 | DD=7.6% | Trades=5
2026-04-24 07:35:42,519 [INFO] strategy: ============================================================
2026-04-24 07:35:42,519 [INFO] strategy: Running strategy: daily (Collect premium daily, don't be afraid of being assigned)
2026-04-24 07:35:42,519 [INFO] strategy: ============================================================
2026-04-24 07:35:42,520 [INFO] state_manager: Loaded state for 'daily' (cash=10151.00, phase=selling_puts)
2026-04-24 07:35:42,578 [INFO] strategy: [daily] BTC=75908 | Cash=10151.00 | Phase=selling_puts | Equity=10151.00
2026-04-24 07:35:42,578 [INFO] strategy: [daily] END: Equity=10151.00 | Cash=10151.00 | DD=0.0% | Trades=3
2026-04-24 07:35:42,578 [INFO] main: ----------------------------------------------------------------------
2026-04-24 07:35:42,579 [INFO] main: Exporting reports...
2026-04-24 07:35:42,579 [INFO] export: Exported 5 trades to /home/piotrek/Dokumenty/wheel/output/conservative_trades.csv
2026-04-24 07:35:42,580 [INFO] export: Exported cash flow to /home/piotrek/Dokumenty/wheel/output/conservative_cashflow.csv
2026-04-24 07:35:42,581 [INFO] export: Exported 8 trades to /home/piotrek/Dokumenty/wheel/output/moderate_trades.csv
2026-04-24 07:35:42,582 [INFO] export: Exported cash flow to /home/piotrek/Dokumenty/wheel/output/moderate_cashflow.csv
2026-04-24 07:35:42,582 [INFO] export: Exported 5 trades to /home/piotrek/Dokumenty/wheel/output/aggressive_trades.csv
2026-04-24 07:35:42,583 [INFO] export: Exported cash flow to /home/piotrek/Dokumenty/wheel/output/aggressive_cashflow.csv
2026-04-24 07:35:42,584 [INFO] export: Exported 3 trades to /home/piotrek/Dokumenty/wheel/output/daily_trades.csv
2026-04-24 07:35:42,584 [INFO] export: Exported cash flow to /home/piotrek/Dokumenty/wheel/output/daily_cashflow.csv
2026-04-24 07:35:42,585 [INFO] export: Exported summary to /home/piotrek/Dokumenty/wheel/output/summary.csv
2026-04-24 07:35:42,585 [INFO] main: ======================================================================
2026-04-24 07:35:42,586 [INFO] main: COMPLETE. Log saved to /home/piotrek/Dokumenty/wheel/logs/wheel_20260424_053501.log
2026-04-24 07:35:42,586 [INFO] main: ======================================================================
