2026-05-03 07:35:03,285 [INFO] main: ======================================================================
2026-05-03 07:35:03,285 [INFO] main: WHEEL STRATEGY BOT — 2026-05-03 05:35 UTC
2026-05-03 07:35:03,285 [INFO] main: Strategies: ['conservative', 'moderate', 'aggressive', 'daily']
2026-05-03 07:35:03,286 [INFO] main: Testnet: True | Dry-run: False
2026-05-03 07:35:03,286 [INFO] main: ======================================================================
2026-05-03 07:35:08,045 [INFO] deribit_client: DeribitClient initialized (testnet=True, markets=4734)
2026-05-03 07:35:08,154 [INFO] main: BTC Price: 78174.00 USDC
2026-05-03 07:35:08,155 [INFO] strategy: ============================================================
2026-05-03 07:35:08,155 [INFO] strategy: Running strategy: conservative (Low delta, longer DTE, early exit)
2026-05-03 07:35:08,155 [INFO] strategy: ============================================================
2026-05-03 07:35:08,157 [INFO] state_manager: Loaded state for 'conservative' (cash=10330.50, phase=selling_puts)
2026-05-03 07:35:08,239 [INFO] strategy: [conservative] BTC=78174 | Cash=10330.50 | Phase=selling_puts | Equity=10330.50
2026-05-03 07:35:08,319 [INFO] strategy: [conservative] END: Equity=10330.50 | Cash=10330.50 | DD=0.0% | Trades=5
2026-05-03 07:35:08,319 [INFO] strategy: ============================================================
2026-05-03 07:35:08,320 [INFO] strategy: Running strategy: moderate (Moderate delta and DTE)
2026-05-03 07:35:08,320 [INFO] strategy: ============================================================
2026-05-03 07:35:08,322 [INFO] state_manager: Loaded state for 'moderate' (cash=10210.00, phase=selling_puts)
2026-05-03 07:35:08,399 [INFO] strategy: [moderate] BTC=78174 | Cash=10210.00 | Phase=selling_puts | Equity=10210.00
2026-05-03 07:35:08,554 [INFO] strategy: [moderate] END: Equity=10210.00 | Cash=10210.00 | DD=0.0% | Trades=9
2026-05-03 07:35:08,554 [INFO] strategy: ============================================================
2026-05-03 07:35:08,555 [INFO] strategy: Running strategy: aggressive (Higher delta, shorter DTE, hold to expiry)
2026-05-03 07:35:08,555 [INFO] strategy: ============================================================
2026-05-03 07:35:08,557 [INFO] state_manager: Loaded state for 'aggressive' (cash=10734.85, phase=selling_puts)
2026-05-03 07:35:08,629 [INFO] strategy: [aggressive] BTC=78174 | Cash=10734.85 | Phase=selling_puts | Equity=10734.85
2026-05-03 07:35:08,629 [INFO] strategy: [aggressive] END: Equity=10734.85 | Cash=10734.85 | DD=6.6% | Trades=7
2026-05-03 07:35:08,629 [INFO] strategy: ============================================================
2026-05-03 07:35:08,629 [INFO] strategy: Running strategy: daily (Collect premium daily, don't be afraid of being assigned)
2026-05-03 07:35:08,629 [INFO] strategy: ============================================================
2026-05-03 07:35:08,631 [INFO] state_manager: Loaded state for 'daily' (cash=9938.51, phase=selling_puts)
2026-05-03 07:35:08,700 [INFO] strategy: [daily] BTC=78174 | Cash=9938.51 | Phase=selling_puts | Equity=9938.51
2026-05-03 07:35:08,700 [INFO] strategy: [daily] END: Equity=9938.51 | Cash=9938.51 | DD=2.1% | Trades=11
2026-05-03 07:35:08,700 [INFO] main: ----------------------------------------------------------------------
2026-05-03 07:35:08,700 [INFO] main: Exporting reports...
2026-05-03 07:35:08,701 [INFO] export: Exported 5 trades to /home/piotrek/Dokumenty/wheel/output/conservative_trades.csv
2026-05-03 07:35:08,702 [INFO] export: Exported cash flow to /home/piotrek/Dokumenty/wheel/output/conservative_cashflow.csv
2026-05-03 07:35:08,702 [INFO] export: Exported 9 trades to /home/piotrek/Dokumenty/wheel/output/moderate_trades.csv
2026-05-03 07:35:08,703 [INFO] export: Exported cash flow to /home/piotrek/Dokumenty/wheel/output/moderate_cashflow.csv
2026-05-03 07:35:08,704 [INFO] export: Exported 7 trades to /home/piotrek/Dokumenty/wheel/output/aggressive_trades.csv
2026-05-03 07:35:08,705 [INFO] export: Exported cash flow to /home/piotrek/Dokumenty/wheel/output/aggressive_cashflow.csv
2026-05-03 07:35:08,705 [INFO] export: Exported 11 trades to /home/piotrek/Dokumenty/wheel/output/daily_trades.csv
2026-05-03 07:35:08,706 [INFO] export: Exported cash flow to /home/piotrek/Dokumenty/wheel/output/daily_cashflow.csv
2026-05-03 07:35:08,707 [INFO] export: Exported summary to /home/piotrek/Dokumenty/wheel/output/summary.csv
2026-05-03 07:35:08,707 [INFO] main: ======================================================================
2026-05-03 07:35:08,708 [INFO] main: COMPLETE. Log saved to /home/piotrek/Dokumenty/wheel/logs/wheel_20260503_053502.log
2026-05-03 07:35:08,708 [INFO] main: ======================================================================
