2026-05-26 07:35:03,262 [INFO] main: ======================================================================
2026-05-26 07:35:03,262 [INFO] main: WHEEL STRATEGY BOT — 2026-05-26 05:35 UTC
2026-05-26 07:35:03,262 [INFO] main: Strategies: ['conservative', 'moderate', 'aggressive', 'daily']
2026-05-26 07:35:03,262 [INFO] main: Testnet: True | Dry-run: False
2026-05-26 07:35:03,263 [INFO] main: ======================================================================
2026-05-26 07:35:09,274 [INFO] deribit_client: DeribitClient initialized (testnet=True, markets=5290)
2026-05-26 07:35:09,340 [INFO] main: BTC Price: 76713.00 USDC
2026-05-26 07:35:09,341 [INFO] strategy: ============================================================
2026-05-26 07:35:09,341 [INFO] strategy: Running strategy: conservative (Low delta, longer DTE, early exit)
2026-05-26 07:35:09,341 [INFO] strategy: ============================================================
2026-05-26 07:35:09,344 [INFO] state_manager: Loaded state for 'conservative' (cash=10601.50, phase=selling_puts)
2026-05-26 07:35:09,399 [INFO] strategy: [conservative] BTC=76713 | Cash=10601.50 | Phase=selling_puts | Equity=10601.50
2026-05-26 07:35:09,460 [INFO] strategy: [conservative] END: Equity=10601.50 | Cash=10601.50 | DD=0.1% | Trades=11
2026-05-26 07:35:09,460 [INFO] strategy: ============================================================
2026-05-26 07:35:09,460 [INFO] strategy: Running strategy: moderate (Moderate delta and DTE)
2026-05-26 07:35:09,460 [INFO] strategy: ============================================================
2026-05-26 07:35:09,464 [INFO] state_manager: Loaded state for 'moderate' (cash=11452.50, phase=selling_puts)
2026-05-26 07:35:09,520 [INFO] strategy: [moderate] BTC=76713 | Cash=11452.50 | Phase=selling_puts | Equity=11452.50
2026-05-26 07:35:09,655 [INFO] strategy: [moderate] END: Equity=11452.50 | Cash=11452.50 | DD=0.0% | Trades=15
2026-05-26 07:35:09,655 [INFO] strategy: ============================================================
2026-05-26 07:35:09,656 [INFO] strategy: Running strategy: aggressive (Higher delta, shorter DTE, hold to expiry)
2026-05-26 07:35:09,656 [INFO] strategy: ============================================================
2026-05-26 07:35:09,659 [INFO] state_manager: Loaded state for 'aggressive' (cash=11570.85, phase=selling_puts)
2026-05-26 07:35:09,715 [INFO] strategy: [aggressive] BTC=76713 | Cash=11570.85 | Phase=selling_puts | Equity=11570.85
2026-05-26 07:35:09,715 [INFO] strategy: [aggressive] END: Equity=11570.85 | Cash=11570.85 | DD=0.0% | Trades=9
2026-05-26 07:35:09,715 [INFO] strategy: ============================================================
2026-05-26 07:35:09,715 [INFO] strategy: Running strategy: daily (Collect premium daily, don't be afraid of being assigned)
2026-05-26 07:35:09,715 [INFO] strategy: ============================================================
2026-05-26 07:35:09,717 [INFO] state_manager: Loaded state for 'daily' (cash=9675.13, phase=selling_calls)
2026-05-26 07:35:09,780 [INFO] strategy: [daily] BTC=76713 | Cash=9675.13 | Phase=selling_calls | Equity=9683.08
2026-05-26 07:35:09,780 [INFO] strategy: [daily] CALL ASSIGNED: BTC 76713 >= strike 76500. Closing future.
2026-05-26 07:35:10,000 [INFO] deribit_client: SELL FUTURE (close long): BTC/USDC:USDC amount=0.1000
2026-05-26 07:35:10,198 [INFO] state_manager: Strategy 'daily' phase -> selling_puts
2026-05-26 07:35:10,328 [INFO] strategy: [daily] Risk check: BTC 76713 < SMA50 76808. Trend filter blocks new puts.
2026-05-26 07:35:10,328 [INFO] strategy: [daily] END: Equity=9661.78 | Cash=9661.78 | DD=4.8% | Trades=32
2026-05-26 07:35:10,328 [INFO] main: ----------------------------------------------------------------------
2026-05-26 07:35:10,328 [INFO] main: Exporting reports...
2026-05-26 07:35:10,329 [INFO] export: Exported 11 trades to /home/piotrek/Dokumenty/wheel/output/conservative_trades.csv
2026-05-26 07:35:10,329 [INFO] export: Exported cash flow to /home/piotrek/Dokumenty/wheel/output/conservative_cashflow.csv
2026-05-26 07:35:10,330 [INFO] export: Exported 15 trades to /home/piotrek/Dokumenty/wheel/output/moderate_trades.csv
2026-05-26 07:35:10,331 [INFO] export: Exported cash flow to /home/piotrek/Dokumenty/wheel/output/moderate_cashflow.csv
2026-05-26 07:35:10,332 [INFO] export: Exported 9 trades to /home/piotrek/Dokumenty/wheel/output/aggressive_trades.csv
2026-05-26 07:35:10,332 [INFO] export: Exported cash flow to /home/piotrek/Dokumenty/wheel/output/aggressive_cashflow.csv
2026-05-26 07:35:10,333 [INFO] export: Exported 32 trades to /home/piotrek/Dokumenty/wheel/output/daily_trades.csv
2026-05-26 07:35:10,334 [INFO] export: Exported cash flow to /home/piotrek/Dokumenty/wheel/output/daily_cashflow.csv
2026-05-26 07:35:10,335 [INFO] export: Exported summary to /home/piotrek/Dokumenty/wheel/output/summary.csv
2026-05-26 07:35:10,335 [INFO] main: ======================================================================
2026-05-26 07:35:10,335 [INFO] main: COMPLETE. Log saved to /home/piotrek/Dokumenty/wheel/logs/wheel_20260526_053501.log
2026-05-26 07:35:10,336 [INFO] main: ======================================================================
