2026-05-27 07:35:03,085 [INFO] main: ======================================================================
2026-05-27 07:35:03,086 [INFO] main: WHEEL STRATEGY BOT — 2026-05-27 05:35 UTC
2026-05-27 07:35:03,086 [INFO] main: Strategies: ['conservative', 'moderate', 'aggressive', 'daily']
2026-05-27 07:35:03,086 [INFO] main: Testnet: True | Dry-run: False
2026-05-27 07:35:03,086 [INFO] main: ======================================================================
2026-05-27 07:35:04,307 [INFO] deribit_client: DeribitClient initialized (testnet=True, markets=5288)
2026-05-27 07:35:04,386 [INFO] main: BTC Price: 75215.00 USDC
2026-05-27 07:35:04,387 [INFO] strategy: ============================================================
2026-05-27 07:35:04,387 [INFO] strategy: Running strategy: conservative (Low delta, longer DTE, early exit)
2026-05-27 07:35:04,387 [INFO] strategy: ============================================================
2026-05-27 07:35:04,390 [INFO] state_manager: Loaded state for 'conservative' (cash=10601.50, phase=selling_puts)
2026-05-27 07:35:04,446 [INFO] strategy: [conservative] BTC=75215 | Cash=10601.50 | Phase=selling_puts | Equity=10601.50
2026-05-27 07:35:04,512 [INFO] strategy: [conservative] END: Equity=10601.50 | Cash=10601.50 | DD=0.1% | Trades=11
2026-05-27 07:35:04,512 [INFO] strategy: ============================================================
2026-05-27 07:35:04,512 [INFO] strategy: Running strategy: moderate (Moderate delta and DTE)
2026-05-27 07:35:04,513 [INFO] strategy: ============================================================
2026-05-27 07:35:04,516 [INFO] state_manager: Loaded state for 'moderate' (cash=11452.50, phase=selling_puts)
2026-05-27 07:35:04,594 [INFO] strategy: [moderate] BTC=75215 | Cash=11452.50 | Phase=selling_puts | Equity=11452.50
2026-05-27 07:35:04,719 [INFO] strategy: [moderate] END: Equity=11452.50 | Cash=11452.50 | DD=0.0% | Trades=15
2026-05-27 07:35:04,720 [INFO] strategy: ============================================================
2026-05-27 07:35:04,720 [INFO] strategy: Running strategy: aggressive (Higher delta, shorter DTE, hold to expiry)
2026-05-27 07:35:04,720 [INFO] strategy: ============================================================
2026-05-27 07:35:04,724 [INFO] state_manager: Loaded state for 'aggressive' (cash=11570.85, phase=selling_puts)
2026-05-27 07:35:04,786 [INFO] strategy: [aggressive] BTC=75215 | Cash=11570.85 | Phase=selling_puts | Equity=11570.85
2026-05-27 07:35:04,787 [INFO] strategy: [aggressive] END: Equity=11570.85 | Cash=11570.85 | DD=0.0% | Trades=9
2026-05-27 07:35:04,787 [INFO] strategy: ============================================================
2026-05-27 07:35:04,787 [INFO] strategy: Running strategy: daily (Collect premium daily, don't be afraid of being assigned)
2026-05-27 07:35:04,787 [INFO] strategy: ============================================================
2026-05-27 07:35:04,791 [INFO] state_manager: Loaded state for 'daily' (cash=9661.78, phase=selling_puts)
2026-05-27 07:35:04,846 [INFO] strategy: [daily] BTC=75215 | Cash=9661.78 | Phase=selling_puts | Equity=9661.78
2026-05-27 07:35:04,971 [INFO] strategy: [daily] Risk check: BTC 75215 < SMA50 76942. Trend filter blocks new puts.
2026-05-27 07:35:04,971 [INFO] strategy: [daily] END: Equity=9661.78 | Cash=9661.78 | DD=4.8% | Trades=32
2026-05-27 07:35:04,971 [INFO] main: ----------------------------------------------------------------------
2026-05-27 07:35:04,971 [INFO] main: Exporting reports...
2026-05-27 07:35:04,972 [INFO] export: Exported 11 trades to /home/piotrek/Dokumenty/wheel/output/conservative_trades.csv
2026-05-27 07:35:04,973 [INFO] export: Exported cash flow to /home/piotrek/Dokumenty/wheel/output/conservative_cashflow.csv
2026-05-27 07:35:04,974 [INFO] export: Exported 15 trades to /home/piotrek/Dokumenty/wheel/output/moderate_trades.csv
2026-05-27 07:35:04,975 [INFO] export: Exported cash flow to /home/piotrek/Dokumenty/wheel/output/moderate_cashflow.csv
2026-05-27 07:35:04,976 [INFO] export: Exported 9 trades to /home/piotrek/Dokumenty/wheel/output/aggressive_trades.csv
2026-05-27 07:35:04,977 [INFO] export: Exported cash flow to /home/piotrek/Dokumenty/wheel/output/aggressive_cashflow.csv
2026-05-27 07:35:04,978 [INFO] export: Exported 32 trades to /home/piotrek/Dokumenty/wheel/output/daily_trades.csv
2026-05-27 07:35:04,979 [INFO] export: Exported cash flow to /home/piotrek/Dokumenty/wheel/output/daily_cashflow.csv
2026-05-27 07:35:04,981 [INFO] export: Exported summary to /home/piotrek/Dokumenty/wheel/output/summary.csv
2026-05-27 07:35:04,981 [INFO] main: ======================================================================
2026-05-27 07:35:04,981 [INFO] main: COMPLETE. Log saved to /home/piotrek/Dokumenty/wheel/logs/wheel_20260527_053501.log
2026-05-27 07:35:04,981 [INFO] main: ======================================================================
