2026-05-02 07:35:03,080 [INFO] main: ======================================================================
2026-05-02 07:35:03,080 [INFO] main: WHEEL STRATEGY BOT — 2026-05-02 05:35 UTC
2026-05-02 07:35:03,080 [INFO] main: Strategies: ['conservative', 'moderate', 'aggressive', 'daily']
2026-05-02 07:35:03,081 [INFO] main: Testnet: True | Dry-run: False
2026-05-02 07:35:03,081 [INFO] main: ======================================================================
2026-05-02 07:35:04,276 [INFO] deribit_client: DeribitClient initialized (testnet=True, markets=4739)
2026-05-02 07:35:04,384 [INFO] main: BTC Price: 78157.00 USDC
2026-05-02 07:35:04,384 [INFO] strategy: ============================================================
2026-05-02 07:35:04,384 [INFO] strategy: Running strategy: conservative (Low delta, longer DTE, early exit)
2026-05-02 07:35:04,385 [INFO] strategy: ============================================================
2026-05-02 07:35:04,388 [INFO] state_manager: Loaded state for 'conservative' (cash=10330.50, phase=selling_puts)
2026-05-02 07:35:04,458 [INFO] strategy: [conservative] BTC=78157 | Cash=10330.50 | Phase=selling_puts | Equity=10330.50
2026-05-02 07:35:04,538 [INFO] strategy: [conservative] END: Equity=10330.50 | Cash=10330.50 | DD=0.0% | Trades=5
2026-05-02 07:35:04,538 [INFO] strategy: ============================================================
2026-05-02 07:35:04,538 [INFO] strategy: Running strategy: moderate (Moderate delta and DTE)
2026-05-02 07:35:04,538 [INFO] strategy: ============================================================
2026-05-02 07:35:04,542 [INFO] state_manager: Loaded state for 'moderate' (cash=10210.00, phase=selling_puts)
2026-05-02 07:35:04,597 [INFO] strategy: [moderate] BTC=78157 | Cash=10210.00 | Phase=selling_puts | Equity=10210.00
2026-05-02 07:35:04,737 [INFO] strategy: [moderate] END: Equity=10210.00 | Cash=10210.00 | DD=0.0% | Trades=9
2026-05-02 07:35:04,738 [INFO] strategy: ============================================================
2026-05-02 07:35:04,738 [INFO] strategy: Running strategy: aggressive (Higher delta, shorter DTE, hold to expiry)
2026-05-02 07:35:04,738 [INFO] strategy: ============================================================
2026-05-02 07:35:04,741 [INFO] state_manager: Loaded state for 'aggressive' (cash=10612.85, phase=selling_puts)
2026-05-02 07:35:04,793 [INFO] strategy: [aggressive] BTC=78157 | Cash=10612.85 | Phase=selling_puts | Equity=10612.85
2026-05-02 07:35:04,793 [INFO] strategy: [aggressive] PUT EXPIRED OTM: BTC 78157 > strike 75000. Premium kept.
2026-05-02 07:35:04,795 [INFO] state_manager: Strategy 'aggressive' phase -> selling_puts
2026-05-02 07:35:04,933 [INFO] strategy: [aggressive] Risk check: All risk checks passed.
2026-05-02 07:35:42,052 [INFO] strategy: [aggressive] Selling PUT BTC/USDC:USDC-260515-76000-P | strike=76000 delta=-0.334 dte=13.1
2026-05-02 07:35:42,285 [INFO] deribit_client: SELL OPTION: BTC/USDC:USDC-260515-76000-P amount=0.1000
2026-05-02 07:35:42,496 [INFO] strategy: [aggressive] END: Equity=10734.85 | Cash=10734.85 | DD=6.6% | Trades=7
2026-05-02 07:35:42,497 [INFO] strategy: ============================================================
2026-05-02 07:35:42,497 [INFO] strategy: Running strategy: daily (Collect premium daily, don't be afraid of being assigned)
2026-05-02 07:35:42,497 [INFO] strategy: ============================================================
2026-05-02 07:35:42,498 [INFO] state_manager: Loaded state for 'daily' (cash=10122.00, phase=selling_calls)
2026-05-02 07:35:42,560 [INFO] strategy: [daily] BTC=78157 | Cash=10122.00 | Phase=selling_calls | Equity=10182.21
2026-05-02 07:35:42,560 [INFO] strategy: [daily] CALL ASSIGNED: BTC 78157 >= strike 75500. Closing future.
2026-05-02 07:35:42,791 [INFO] deribit_client: SELL FUTURE (close long): BTC/USDC:USDC amount=0.1000
2026-05-02 07:35:42,996 [INFO] state_manager: Strategy 'daily' phase -> selling_puts
2026-05-02 07:35:43,131 [INFO] strategy: [daily] Risk check: All risk checks passed.
2026-05-02 07:36:16,276 [INFO] strategy: [daily] Selling PUT BTC/USDC:USDC-260503-78000-P | strike=78000 delta=-0.431 dte=1.1
2026-05-02 07:36:16,498 [INFO] deribit_client: SELL OPTION: BTC/USDC:USDC-260503-78000-P amount=0.1000
2026-05-02 07:36:16,721 [INFO] strategy: [daily] END: Equity=9938.51 | Cash=9938.51 | DD=2.1% | Trades=11
2026-05-02 07:36:16,721 [INFO] main: ----------------------------------------------------------------------
2026-05-02 07:36:16,721 [INFO] main: Exporting reports...
2026-05-02 07:36:16,722 [INFO] export: Exported 5 trades to /home/piotrek/Dokumenty/wheel/output/conservative_trades.csv
2026-05-02 07:36:16,723 [INFO] export: Exported cash flow to /home/piotrek/Dokumenty/wheel/output/conservative_cashflow.csv
2026-05-02 07:36:16,723 [INFO] export: Exported 9 trades to /home/piotrek/Dokumenty/wheel/output/moderate_trades.csv
2026-05-02 07:36:16,725 [INFO] export: Exported cash flow to /home/piotrek/Dokumenty/wheel/output/moderate_cashflow.csv
2026-05-02 07:36:16,725 [INFO] export: Exported 7 trades to /home/piotrek/Dokumenty/wheel/output/aggressive_trades.csv
2026-05-02 07:36:16,726 [INFO] export: Exported cash flow to /home/piotrek/Dokumenty/wheel/output/aggressive_cashflow.csv
2026-05-02 07:36:16,727 [INFO] export: Exported 11 trades to /home/piotrek/Dokumenty/wheel/output/daily_trades.csv
2026-05-02 07:36:16,728 [INFO] export: Exported cash flow to /home/piotrek/Dokumenty/wheel/output/daily_cashflow.csv
2026-05-02 07:36:16,729 [INFO] export: Exported summary to /home/piotrek/Dokumenty/wheel/output/summary.csv
2026-05-02 07:36:16,729 [INFO] main: ======================================================================
2026-05-02 07:36:16,729 [INFO] main: COMPLETE. Log saved to /home/piotrek/Dokumenty/wheel/logs/wheel_20260502_053501.log
2026-05-02 07:36:16,729 [INFO] main: ======================================================================
