2026-05-17 07:35:03,070 [INFO] main: ======================================================================
2026-05-17 07:35:03,070 [INFO] main: WHEEL STRATEGY BOT — 2026-05-17 05:35 UTC
2026-05-17 07:35:03,070 [INFO] main: Strategies: ['conservative', 'moderate', 'aggressive', 'daily']
2026-05-17 07:35:03,070 [INFO] main: Testnet: True | Dry-run: False
2026-05-17 07:35:03,071 [INFO] main: ======================================================================
2026-05-17 07:35:09,534 [INFO] deribit_client: DeribitClient initialized (testnet=True, markets=5434)
2026-05-17 07:35:09,610 [INFO] main: BTC Price: 78162.00 USDC
2026-05-17 07:35:09,611 [INFO] strategy: ============================================================
2026-05-17 07:35:09,611 [INFO] strategy: Running strategy: conservative (Low delta, longer DTE, early exit)
2026-05-17 07:35:09,611 [INFO] strategy: ============================================================
2026-05-17 07:35:09,614 [INFO] state_manager: Loaded state for 'conservative' (cash=10415.00, phase=selling_puts)
2026-05-17 07:35:09,776 [INFO] strategy: [conservative] BTC=78162 | Cash=10415.00 | Phase=selling_puts | Equity=10415.00
2026-05-17 07:35:09,850 [INFO] strategy: [conservative] END: Equity=10415.00 | Cash=10415.00 | DD=0.0% | Trades=7
2026-05-17 07:35:09,850 [INFO] strategy: ============================================================
2026-05-17 07:35:09,850 [INFO] strategy: Running strategy: moderate (Moderate delta and DTE)
2026-05-17 07:35:09,850 [INFO] strategy: ============================================================
2026-05-17 07:35:09,853 [INFO] state_manager: Loaded state for 'moderate' (cash=10837.00, phase=selling_puts)
2026-05-17 07:35:09,910 [INFO] strategy: [moderate] BTC=78162 | Cash=10837.00 | Phase=selling_puts | Equity=10837.00
2026-05-17 07:35:10,015 [INFO] strategy: [moderate] END: Equity=10837.00 | Cash=10837.00 | DD=0.0% | Trades=13
2026-05-17 07:35:10,015 [INFO] strategy: ============================================================
2026-05-17 07:35:10,016 [INFO] strategy: Running strategy: aggressive (Higher delta, shorter DTE, hold to expiry)
2026-05-17 07:35:10,016 [INFO] strategy: ============================================================
2026-05-17 07:35:10,019 [INFO] state_manager: Loaded state for 'aggressive' (cash=11570.85, phase=selling_puts)
2026-05-17 07:35:10,075 [INFO] strategy: [aggressive] BTC=78162 | Cash=11570.85 | Phase=selling_puts | Equity=11570.85
2026-05-17 07:35:10,076 [INFO] strategy: [aggressive] END: Equity=11570.85 | Cash=11570.85 | DD=0.0% | Trades=9
2026-05-17 07:35:10,076 [INFO] strategy: ============================================================
2026-05-17 07:35:10,076 [INFO] strategy: Running strategy: daily (Collect premium daily, don't be afraid of being assigned)
2026-05-17 07:35:10,076 [INFO] strategy: ============================================================
2026-05-17 07:35:10,077 [INFO] state_manager: Loaded state for 'daily' (cash=9836.41, phase=selling_calls)
2026-05-17 07:35:10,140 [INFO] strategy: [daily] BTC=78162 | Cash=9836.41 | Phase=selling_calls | Equity=9681.33
2026-05-17 07:35:10,140 [INFO] strategy: [daily] END: Equity=9681.33 | Cash=9836.41 | DD=4.6% | Trades=23
2026-05-17 07:35:10,141 [INFO] main: ----------------------------------------------------------------------
2026-05-17 07:35:10,141 [INFO] main: Exporting reports...
2026-05-17 07:35:10,142 [INFO] export: Exported 7 trades to /home/piotrek/Dokumenty/wheel/output/conservative_trades.csv
2026-05-17 07:35:10,142 [INFO] export: Exported cash flow to /home/piotrek/Dokumenty/wheel/output/conservative_cashflow.csv
2026-05-17 07:35:10,144 [INFO] export: Exported 13 trades to /home/piotrek/Dokumenty/wheel/output/moderate_trades.csv
2026-05-17 07:35:10,145 [INFO] export: Exported cash flow to /home/piotrek/Dokumenty/wheel/output/moderate_cashflow.csv
2026-05-17 07:35:10,146 [INFO] export: Exported 9 trades to /home/piotrek/Dokumenty/wheel/output/aggressive_trades.csv
2026-05-17 07:35:10,147 [INFO] export: Exported cash flow to /home/piotrek/Dokumenty/wheel/output/aggressive_cashflow.csv
2026-05-17 07:35:10,149 [INFO] export: Exported 23 trades to /home/piotrek/Dokumenty/wheel/output/daily_trades.csv
2026-05-17 07:35:10,150 [INFO] export: Exported cash flow to /home/piotrek/Dokumenty/wheel/output/daily_cashflow.csv
2026-05-17 07:35:10,152 [INFO] export: Exported summary to /home/piotrek/Dokumenty/wheel/output/summary.csv
2026-05-17 07:35:10,152 [INFO] main: ======================================================================
2026-05-17 07:35:10,152 [INFO] main: COMPLETE. Log saved to /home/piotrek/Dokumenty/wheel/logs/wheel_20260517_053501.log
2026-05-17 07:35:10,153 [INFO] main: ======================================================================
