2026-05-08 07:35:03,145 [INFO] main: ======================================================================
2026-05-08 07:35:03,146 [INFO] main: WHEEL STRATEGY BOT — 2026-05-08 05:35 UTC
2026-05-08 07:35:03,146 [INFO] main: Strategies: ['conservative', 'moderate', 'aggressive', 'daily']
2026-05-08 07:35:03,146 [INFO] main: Testnet: True | Dry-run: False
2026-05-08 07:35:03,146 [INFO] main: ======================================================================
2026-05-08 07:35:04,468 [INFO] deribit_client: DeribitClient initialized (testnet=True, markets=5690)
2026-05-08 07:35:04,538 [INFO] main: BTC Price: 78524.00 USDC
2026-05-08 07:35:04,539 [INFO] strategy: ============================================================
2026-05-08 07:35:04,539 [INFO] strategy: Running strategy: conservative (Low delta, longer DTE, early exit)
2026-05-08 07:35:04,539 [INFO] strategy: ============================================================
2026-05-08 07:35:04,542 [INFO] state_manager: Loaded state for 'conservative' (cash=10415.00, phase=selling_puts)
2026-05-08 07:35:04,603 [INFO] strategy: [conservative] BTC=78524 | Cash=10415.00 | Phase=selling_puts | Equity=10415.00
2026-05-08 07:35:04,663 [INFO] strategy: [conservative] END: Equity=10415.00 | Cash=10415.00 | DD=0.0% | Trades=7
2026-05-08 07:35:04,663 [INFO] strategy: ============================================================
2026-05-08 07:35:04,664 [INFO] strategy: Running strategy: moderate (Moderate delta and DTE)
2026-05-08 07:35:04,664 [INFO] strategy: ============================================================
2026-05-08 07:35:04,667 [INFO] state_manager: Loaded state for 'moderate' (cash=10344.00, phase=selling_puts)
2026-05-08 07:35:04,723 [INFO] strategy: [moderate] BTC=78524 | Cash=10344.00 | Phase=selling_puts | Equity=10344.00
2026-05-08 07:35:04,863 [INFO] strategy: [moderate] END: Equity=10344.00 | Cash=10344.00 | DD=0.0% | Trades=11
2026-05-08 07:35:04,864 [INFO] strategy: ============================================================
2026-05-08 07:35:04,864 [INFO] strategy: Running strategy: aggressive (Higher delta, shorter DTE, hold to expiry)
2026-05-08 07:35:04,864 [INFO] strategy: ============================================================
2026-05-08 07:35:04,867 [INFO] state_manager: Loaded state for 'aggressive' (cash=10734.85, phase=selling_puts)
2026-05-08 07:35:04,920 [INFO] strategy: [aggressive] BTC=78524 | Cash=10734.85 | Phase=selling_puts | Equity=10734.85
2026-05-08 07:35:04,920 [INFO] strategy: [aggressive] END: Equity=10734.85 | Cash=10734.85 | DD=6.6% | Trades=7
2026-05-08 07:35:04,920 [INFO] strategy: ============================================================
2026-05-08 07:35:04,920 [INFO] strategy: Running strategy: daily (Collect premium daily, don't be afraid of being assigned)
2026-05-08 07:35:04,920 [INFO] strategy: ============================================================
2026-05-08 07:35:04,921 [INFO] state_manager: Loaded state for 'daily' (cash=10007.01, phase=selling_puts)
2026-05-08 07:35:04,969 [INFO] strategy: [daily] BTC=78524 | Cash=10007.01 | Phase=selling_puts | Equity=10007.01
2026-05-08 07:35:04,970 [INFO] strategy: [daily] PUT ASSIGNED: BTC 78524 <= strike 81000. Buying future to simulate assignment.
2026-05-08 07:35:05,198 [INFO] deribit_client: BUY FUTURE (long): BTC/USDC:USDC amount=0.1000
2026-05-08 07:35:05,405 [INFO] state_manager: Strategy 'daily' phase -> selling_calls
2026-05-08 07:35:05,525 [INFO] strategy: [daily] Risk check: All risk checks passed.
2026-05-08 07:35:51,241 [INFO] strategy: [daily] Selling CALL BTC/USDC:USDC-260509-79500-C | strike=79500 delta=0.554 dte=1.1
2026-05-08 07:35:51,459 [INFO] deribit_client: SELL OPTION: BTC/USDC:USDC-260509-79500-C amount=0.1000
2026-05-08 07:35:51,668 [INFO] strategy: [daily] END: Equity=9701.53 | Cash=9820.41 | DD=4.4% | Trades=17
2026-05-08 07:35:51,669 [INFO] main: ----------------------------------------------------------------------
2026-05-08 07:35:51,669 [INFO] main: Exporting reports...
2026-05-08 07:35:51,670 [INFO] export: Exported 7 trades to /home/piotrek/Dokumenty/wheel/output/conservative_trades.csv
2026-05-08 07:35:51,671 [INFO] export: Exported cash flow to /home/piotrek/Dokumenty/wheel/output/conservative_cashflow.csv
2026-05-08 07:35:51,673 [INFO] export: Exported 11 trades to /home/piotrek/Dokumenty/wheel/output/moderate_trades.csv
2026-05-08 07:35:51,674 [INFO] export: Exported cash flow to /home/piotrek/Dokumenty/wheel/output/moderate_cashflow.csv
2026-05-08 07:35:51,675 [INFO] export: Exported 7 trades to /home/piotrek/Dokumenty/wheel/output/aggressive_trades.csv
2026-05-08 07:35:51,676 [INFO] export: Exported cash flow to /home/piotrek/Dokumenty/wheel/output/aggressive_cashflow.csv
2026-05-08 07:35:51,677 [INFO] export: Exported 17 trades to /home/piotrek/Dokumenty/wheel/output/daily_trades.csv
2026-05-08 07:35:51,679 [INFO] export: Exported cash flow to /home/piotrek/Dokumenty/wheel/output/daily_cashflow.csv
2026-05-08 07:35:51,680 [INFO] export: Exported summary to /home/piotrek/Dokumenty/wheel/output/summary.csv
2026-05-08 07:35:51,681 [INFO] main: ======================================================================
2026-05-08 07:35:51,681 [INFO] main: COMPLETE. Log saved to /home/piotrek/Dokumenty/wheel/logs/wheel_20260508_053501.log
2026-05-08 07:35:51,681 [INFO] main: ======================================================================
