2026-04-27 07:35:02,455 [INFO] main: ======================================================================
2026-04-27 07:35:02,455 [INFO] main: WHEEL STRATEGY BOT — 2026-04-27 05:35 UTC
2026-04-27 07:35:02,455 [INFO] main: Strategies: ['conservative', 'moderate', 'aggressive', 'daily']
2026-04-27 07:35:02,456 [INFO] main: Testnet: True | Dry-run: False
2026-04-27 07:35:02,456 [INFO] main: ======================================================================
2026-04-27 07:35:03,630 [INFO] deribit_client: DeribitClient initialized (testnet=True, markets=4670)
2026-04-27 07:35:03,704 [INFO] main: BTC Price: 76282.00 USDC
2026-04-27 07:35:03,704 [INFO] strategy: ============================================================
2026-04-27 07:35:03,704 [INFO] strategy: Running strategy: conservative (Low delta, longer DTE, early exit)
2026-04-27 07:35:03,704 [INFO] strategy: ============================================================
2026-04-27 07:35:03,708 [INFO] state_manager: Loaded state for 'conservative' (cash=10330.50, phase=selling_puts)
2026-04-27 07:35:03,760 [INFO] strategy: [conservative] BTC=76282 | Cash=10330.50 | Phase=selling_puts | Equity=10330.50
2026-04-27 07:35:03,808 [INFO] strategy: [conservative] END: Equity=10330.50 | Cash=10330.50 | DD=0.0% | Trades=5
2026-04-27 07:35:03,808 [INFO] strategy: ============================================================
2026-04-27 07:35:03,808 [INFO] strategy: Running strategy: moderate (Moderate delta and DTE)
2026-04-27 07:35:03,809 [INFO] strategy: ============================================================
2026-04-27 07:35:03,812 [INFO] state_manager: Loaded state for 'moderate' (cash=10080.00, phase=selling_puts)
2026-04-27 07:35:03,873 [INFO] strategy: [moderate] BTC=76282 | Cash=10080.00 | Phase=selling_puts | Equity=10080.00
2026-04-27 07:35:03,999 [INFO] strategy: [moderate] Risk check: All risk checks passed.
2026-04-27 07:35:36,974 [WARNING] strategy: [moderate] No suitable put found.
2026-04-27 07:35:36,974 [INFO] strategy: [moderate] END: Equity=10080.00 | Cash=10080.00 | DD=0.0% | Trades=8
2026-04-27 07:35:36,977 [INFO] strategy: ============================================================
2026-04-27 07:35:36,977 [INFO] strategy: Running strategy: aggressive (Higher delta, shorter DTE, hold to expiry)
2026-04-27 07:35:36,977 [INFO] strategy: ============================================================
2026-04-27 07:35:36,978 [INFO] state_manager: Loaded state for 'aggressive' (cash=10612.85, phase=selling_puts)
2026-04-27 07:35:37,043 [INFO] strategy: [aggressive] BTC=76282 | Cash=10612.85 | Phase=selling_puts | Equity=10612.85
2026-04-27 07:35:37,043 [INFO] strategy: [aggressive] END: Equity=10612.85 | Cash=10612.85 | DD=7.6% | Trades=5
2026-04-27 07:35:37,044 [INFO] strategy: ============================================================
2026-04-27 07:35:37,044 [INFO] strategy: Running strategy: daily (Collect premium daily, don't be afraid of being assigned)
2026-04-27 07:35:37,044 [INFO] strategy: ============================================================
2026-04-27 07:35:37,045 [INFO] state_manager: Loaded state for 'daily' (cash=9972.00, phase=selling_calls)
2026-04-27 07:35:37,103 [INFO] strategy: [daily] BTC=76282 | Cash=9972.00 | Phase=selling_calls | Equity=9844.71
2026-04-27 07:35:37,103 [INFO] strategy: [daily] CALL EXPIRED OTM: BTC 76282 < strike 77500. Premium kept, still holding future.
2026-04-27 07:35:37,232 [INFO] strategy: [daily] Risk check: All risk checks passed.
2026-04-27 07:36:08,101 [INFO] strategy: [daily] Selling CALL BTC/USDC:USDC-260428-77500-C | strike=77500 delta=0.556 dte=1.1
2026-04-27 07:36:08,302 [INFO] deribit_client: SELL OPTION: BTC/USDC:USDC-260428-77500-C amount=0.1000
2026-04-27 07:36:08,518 [INFO] strategy: [daily] END: Equity=9926.71 | Cash=10054.00 | DD=2.2% | Trades=7
2026-04-27 07:36:08,518 [INFO] main: ----------------------------------------------------------------------
2026-04-27 07:36:08,518 [INFO] main: Exporting reports...
2026-04-27 07:36:08,519 [INFO] export: Exported 5 trades to /home/piotrek/Dokumenty/wheel/output/conservative_trades.csv
2026-04-27 07:36:08,520 [INFO] export: Exported cash flow to /home/piotrek/Dokumenty/wheel/output/conservative_cashflow.csv
2026-04-27 07:36:08,521 [INFO] export: Exported 8 trades to /home/piotrek/Dokumenty/wheel/output/moderate_trades.csv
2026-04-27 07:36:08,522 [INFO] export: Exported cash flow to /home/piotrek/Dokumenty/wheel/output/moderate_cashflow.csv
2026-04-27 07:36:08,522 [INFO] export: Exported 5 trades to /home/piotrek/Dokumenty/wheel/output/aggressive_trades.csv
2026-04-27 07:36:08,523 [INFO] export: Exported cash flow to /home/piotrek/Dokumenty/wheel/output/aggressive_cashflow.csv
2026-04-27 07:36:08,524 [INFO] export: Exported 7 trades to /home/piotrek/Dokumenty/wheel/output/daily_trades.csv
2026-04-27 07:36:08,525 [INFO] export: Exported cash flow to /home/piotrek/Dokumenty/wheel/output/daily_cashflow.csv
2026-04-27 07:36:08,526 [INFO] export: Exported summary to /home/piotrek/Dokumenty/wheel/output/summary.csv
2026-04-27 07:36:08,526 [INFO] main: ======================================================================
2026-04-27 07:36:08,526 [INFO] main: COMPLETE. Log saved to /home/piotrek/Dokumenty/wheel/logs/wheel_20260427_053501.log
2026-04-27 07:36:08,526 [INFO] main: ======================================================================
