2026-05-09 07:35:02,578 [INFO] main: ======================================================================
2026-05-09 07:35:02,578 [INFO] main: WHEEL STRATEGY BOT — 2026-05-09 05:35 UTC
2026-05-09 07:35:02,578 [INFO] main: Strategies: ['conservative', 'moderate', 'aggressive', 'daily']
2026-05-09 07:35:02,579 [INFO] main: Testnet: True | Dry-run: False
2026-05-09 07:35:02,579 [INFO] main: ======================================================================
2026-05-09 07:35:03,885 [INFO] deribit_client: DeribitClient initialized (testnet=True, markets=5614)
2026-05-09 07:35:03,954 [INFO] main: BTC Price: 79588.00 USDC
2026-05-09 07:35:03,955 [INFO] strategy: ============================================================
2026-05-09 07:35:03,955 [INFO] strategy: Running strategy: conservative (Low delta, longer DTE, early exit)
2026-05-09 07:35:03,955 [INFO] strategy: ============================================================
2026-05-09 07:35:03,958 [INFO] state_manager: Loaded state for 'conservative' (cash=10415.00, phase=selling_puts)
2026-05-09 07:35:04,014 [INFO] strategy: [conservative] BTC=79588 | Cash=10415.00 | Phase=selling_puts | Equity=10415.00
2026-05-09 07:35:04,074 [INFO] strategy: [conservative] END: Equity=10415.00 | Cash=10415.00 | DD=0.0% | Trades=7
2026-05-09 07:35:04,074 [INFO] strategy: ============================================================
2026-05-09 07:35:04,074 [INFO] strategy: Running strategy: moderate (Moderate delta and DTE)
2026-05-09 07:35:04,075 [INFO] strategy: ============================================================
2026-05-09 07:35:04,078 [INFO] state_manager: Loaded state for 'moderate' (cash=10344.00, phase=selling_puts)
2026-05-09 07:35:04,134 [INFO] strategy: [moderate] BTC=79588 | Cash=10344.00 | Phase=selling_puts | Equity=10344.00
2026-05-09 07:35:04,239 [INFO] strategy: [moderate] END: Equity=10344.00 | Cash=10344.00 | DD=0.0% | Trades=11
2026-05-09 07:35:04,239 [INFO] strategy: ============================================================
2026-05-09 07:35:04,240 [INFO] strategy: Running strategy: aggressive (Higher delta, shorter DTE, hold to expiry)
2026-05-09 07:35:04,240 [INFO] strategy: ============================================================
2026-05-09 07:35:04,243 [INFO] state_manager: Loaded state for 'aggressive' (cash=10734.85, phase=selling_puts)
2026-05-09 07:35:04,303 [INFO] strategy: [aggressive] BTC=79588 | Cash=10734.85 | Phase=selling_puts | Equity=10734.85
2026-05-09 07:35:04,303 [INFO] strategy: [aggressive] END: Equity=10734.85 | Cash=10734.85 | DD=6.6% | Trades=7
2026-05-09 07:35:04,304 [INFO] strategy: ============================================================
2026-05-09 07:35:04,304 [INFO] strategy: Running strategy: daily (Collect premium daily, don't be afraid of being assigned)
2026-05-09 07:35:04,304 [INFO] strategy: ============================================================
2026-05-09 07:35:04,307 [INFO] state_manager: Loaded state for 'daily' (cash=9820.41, phase=selling_calls)
2026-05-09 07:35:04,374 [INFO] strategy: [daily] BTC=79588 | Cash=9820.41 | Phase=selling_calls | Equity=9807.93
2026-05-09 07:35:04,374 [INFO] strategy: [daily] END: Equity=9807.93 | Cash=9820.41 | DD=3.4% | Trades=17
2026-05-09 07:35:04,375 [INFO] main: ----------------------------------------------------------------------
2026-05-09 07:35:04,375 [INFO] main: Exporting reports...
2026-05-09 07:35:04,376 [INFO] export: Exported 7 trades to /home/piotrek/Dokumenty/wheel/output/conservative_trades.csv
2026-05-09 07:35:04,376 [INFO] export: Exported cash flow to /home/piotrek/Dokumenty/wheel/output/conservative_cashflow.csv
2026-05-09 07:35:04,377 [INFO] export: Exported 11 trades to /home/piotrek/Dokumenty/wheel/output/moderate_trades.csv
2026-05-09 07:35:04,378 [INFO] export: Exported cash flow to /home/piotrek/Dokumenty/wheel/output/moderate_cashflow.csv
2026-05-09 07:35:04,379 [INFO] export: Exported 7 trades to /home/piotrek/Dokumenty/wheel/output/aggressive_trades.csv
2026-05-09 07:35:04,380 [INFO] export: Exported cash flow to /home/piotrek/Dokumenty/wheel/output/aggressive_cashflow.csv
2026-05-09 07:35:04,381 [INFO] export: Exported 17 trades to /home/piotrek/Dokumenty/wheel/output/daily_trades.csv
2026-05-09 07:35:04,382 [INFO] export: Exported cash flow to /home/piotrek/Dokumenty/wheel/output/daily_cashflow.csv
2026-05-09 07:35:04,383 [INFO] export: Exported summary to /home/piotrek/Dokumenty/wheel/output/summary.csv
2026-05-09 07:35:04,383 [INFO] main: ======================================================================
2026-05-09 07:35:04,383 [INFO] main: COMPLETE. Log saved to /home/piotrek/Dokumenty/wheel/logs/wheel_20260509_053501.log
2026-05-09 07:35:04,383 [INFO] main: ======================================================================
